{"/home/tom/code/auditable-voting/web/src/App.tsx": {"path":"/home/tom/code/auditable-voting/web/src/App.tsx","statementMap":{"0":{"start":{"line":35,"column":26},"end":{"line":35,"column":86}},"1":{"start":{"line":36,"column":23},"end":{"line":36,"column":77}},"2":{"start":{"line":37,"column":20},"end":{"line":37,"column":48}},"3":{"start":{"line":38,"column":20},"end":{"line":38,"column":76}},"4":{"start":{"line":39,"column":21},"end":{"line":39,"column":89}},"5":{"start":{"line":40,"column":24},"end":{"line":40,"column":80}},"6":{"start":{"line":41,"column":23},"end":{"line":41,"column":75}},"7":{"start":{"line":42,"column":23},"end":{"line":42,"column":82}},"8":{"start":{"line":42,"column":42},"end":{"line":42,"column":81}},"9":{"start":{"line":43,"column":28},"end":{"line":43,"column":99}},"10":{"start":{"line":44,"column":17},"end":{"line":44,"column":59}},"11":{"start":{"line":45,"column":16},"end":{"line":45,"column":57}},"12":{"start":{"line":46,"column":18},"end":{"line":46,"column":47}},"13":{"start":{"line":47,"column":27},"end":{"line":47,"column":64}},"14":{"start":{"line":48,"column":26},"end":{"line":48,"column":63}},"15":{"start":{"line":49,"column":26},"end":{"line":49,"column":63}},"16":{"start":{"line":50,"column":23},"end":{"line":50,"column":57}},"17":{"start":{"line":51,"column":24},"end":{"line":51,"column":59}},"18":{"start":{"line":52,"column":21},"end":{"line":52,"column":65}},"19":{"start":{"line":53,"column":17},"end":{"line":53,"column":64}},"20":{"start":{"line":54,"column":22},"end":{"line":54,"column":69}},"21":{"start":{"line":55,"column":24},"end":{"line":55,"column":59}},"22":{"start":{"line":56,"column":23},"end":{"line":56,"column":73}},"23":{"start":{"line":57,"column":27},"end":{"line":57,"column":65}},"24":{"start":{"line":58,"column":33},"end":{"line":58,"column":98}},"25":{"start":{"line":59,"column":27},"end":{"line":59,"column":104}},"26":{"start":{"line":60,"column":25},"end":{"line":60,"column":82}},"27":{"start":{"line":61,"column":31},"end":{"line":61,"column":73}},"28":{"start":{"line":63,"column":8},"end":{"line":63,"column":79}},"29":{"start":{"line":63,"column":22},"end":{"line":63,"column":65}},"30":{"start":{"line":64,"column":21},"end":{"line":64,"column":null}},"31":{"start":{"line":65,"column":22},"end":{"line":65,"column":null}},"32":{"start":{"line":66,"column":26},"end":{"line":66,"column":109}},"33":{"start":{"line":68,"column":26},"end":{"line":68,"column":null}},"34":{"start":{"line":69,"column":18},"end":{"line":69,"column":null}},"35":{"start":{"line":70,"column":17},"end":{"line":70,"column":46}},"36":{"start":{"line":71,"column":21},"end":{"line":71,"column":null}},"37":{"start":{"line":72,"column":40},"end":{"line":72,"column":69}},"38":{"start":{"line":74,"column":8},"end":{"line":74,"column":76}},"39":{"start":{"line":74,"column":38},"end":{"line":74,"column":64}},"40":{"start":{"line":77,"column":4},"end":{"line":77,"column":null}},"41":{"start":{"line":77,"column":50},"end":{"line":77,"column":null}},"42":{"start":{"line":78,"column":20},"end":{"line":78,"column":74}},"43":{"start":{"line":78,"column":45},"end":{"line":78,"column":74}},"44":{"start":{"line":79,"column":4},"end":{"line":79,"column":null}},"45":{"start":{"line":79,"column":18},"end":{"line":79,"column":null}},"46":{"start":{"line":80,"column":27},"end":{"line":80,"column":null}},"47":{"start":{"line":81,"column":17},"end":{"line":81,"column":33}},"48":{"start":{"line":82,"column":25},"end":{"line":82,"column":69}},"49":{"start":{"line":82,"column":46},"end":{"line":82,"column":68}},"50":{"start":{"line":83,"column":4},"end":{"line":108,"column":null}},"51":{"start":{"line":84,"column":6},"end":{"line":84,"column":null}},"52":{"start":{"line":84,"column":37},"end":{"line":84,"column":null}},"53":{"start":{"line":85,"column":21},"end":{"line":85,"column":110}},"54":{"start":{"line":86,"column":6},"end":{"line":86,"column":null}},"55":{"start":{"line":86,"column":31},"end":{"line":86,"column":null}},"56":{"start":{"line":87,"column":22},"end":{"line":87,"column":51}},"57":{"start":{"line":88,"column":6},"end":{"line":98,"column":null}},"58":{"start":{"line":99,"column":6},"end":{"line":99,"column":null}},"59":{"start":{"line":100,"column":6},"end":{"line":100,"column":null}},"60":{"start":{"line":101,"column":6},"end":{"line":101,"column":null}},"61":{"start":{"line":102,"column":6},"end":{"line":102,"column":null}},"62":{"start":{"line":103,"column":6},"end":{"line":103,"column":null}},"63":{"start":{"line":104,"column":6},"end":{"line":104,"column":null}},"64":{"start":{"line":106,"column":6},"end":{"line":106,"column":null}},"65":{"start":{"line":108,"column":6},"end":{"line":108,"column":null}},"66":{"start":{"line":112,"column":8},"end":{"line":121,"column":29}},"67":{"start":{"line":113,"column":4},"end":{"line":114,"column":null}},"68":{"start":{"line":114,"column":6},"end":{"line":114,"column":null}},"69":{"start":{"line":117,"column":4},"end":{"line":120,"column":null}},"70":{"start":{"line":123,"column":2},"end":{"line":158,"column":null}},"71":{"start":{"line":125,"column":6},"end":{"line":125,"column":null}},"72":{"start":{"line":126,"column":6},"end":{"line":126,"column":null}},"73":{"start":{"line":127,"column":6},"end":{"line":153,"column":null}},"74":{"start":{"line":128,"column":33},"end":{"line":131,"column":10}},"75":{"start":{"line":132,"column":8},"end":{"line":132,"column":null}},"76":{"start":{"line":133,"column":8},"end":{"line":133,"column":null}},"77":{"start":{"line":134,"column":8},"end":{"line":134,"column":null}},"78":{"start":{"line":136,"column":26},"end":{"line":136,"column":92}},"79":{"start":{"line":137,"column":8},"end":{"line":137,"column":null}},"80":{"start":{"line":139,"column":8},"end":{"line":147,"column":null}},"81":{"start":{"line":140,"column":29},"end":{"line":140,"column":87}},"82":{"start":{"line":141,"column":10},"end":{"line":141,"column":null}},"83":{"start":{"line":142,"column":10},"end":{"line":143,"column":null}},"84":{"start":{"line":143,"column":12},"end":{"line":143,"column":null}},"85":{"start":{"line":145,"column":19},"end":{"line":147,"column":null}},"86":{"start":{"line":146,"column":29},"end":{"line":146,"column":87}},"87":{"start":{"line":147,"column":10},"end":{"line":147,"column":null}},"88":{"start":{"line":150,"column":8},"end":{"line":150,"column":null}},"89":{"start":{"line":152,"column":8},"end":{"line":152,"column":null}},"90":{"start":{"line":153,"column":8},"end":{"line":153,"column":null}},"91":{"start":{"line":157,"column":4},"end":{"line":157,"column":null}},"92":{"start":{"line":160,"column":2},"end":{"line":171,"column":null}},"93":{"start":{"line":161,"column":10},"end":{"line":168,"column":null}},"94":{"start":{"line":162,"column":6},"end":{"line":166,"column":null}},"95":{"start":{"line":163,"column":8},"end":{"line":163,"column":null}},"96":{"start":{"line":164,"column":8},"end":{"line":164,"column":null}},"97":{"start":{"line":165,"column":8},"end":{"line":165,"column":null}},"98":{"start":{"line":166,"column":8},"end":{"line":166,"column":null}},"99":{"start":{"line":166,"column":47},"end":{"line":166,"column":67}},"100":{"start":{"line":169,"column":4},"end":{"line":169,"column":null}},"101":{"start":{"line":170,"column":4},"end":{"line":170,"column":null}},"102":{"start":{"line":170,"column":19},"end":{"line":170,"column":27}},"103":{"start":{"line":170,"column":27},"end":{"line":170,"column":null}},"104":{"start":{"line":173,"column":2},"end":{"line":178,"column":null}},"105":{"start":{"line":174,"column":4},"end":{"line":174,"column":null}},"106":{"start":{"line":175,"column":4},"end":{"line":176,"column":null}},"107":{"start":{"line":176,"column":6},"end":{"line":176,"column":null}},"108":{"start":{"line":181,"column":4},"end":{"line":181,"column":null}},"109":{"start":{"line":182,"column":4},"end":{"line":182,"column":null}},"110":{"start":{"line":183,"column":4},"end":{"line":183,"column":null}},"111":{"start":{"line":184,"column":4},"end":{"line":184,"column":null}},"112":{"start":{"line":185,"column":4},"end":{"line":185,"column":null}},"113":{"start":{"line":189,"column":4},"end":{"line":189,"column":null}},"114":{"start":{"line":190,"column":4},"end":{"line":190,"column":null}},"115":{"start":{"line":193,"column":8},"end":{"line":217,"column":31}},"116":{"start":{"line":194,"column":4},"end":{"line":196,"column":null}},"117":{"start":{"line":195,"column":6},"end":{"line":195,"column":null}},"118":{"start":{"line":196,"column":6},"end":{"line":196,"column":null}},"119":{"start":{"line":199,"column":4},"end":{"line":199,"column":null}},"120":{"start":{"line":200,"column":4},"end":{"line":200,"column":null}},"121":{"start":{"line":201,"column":4},"end":{"line":201,"column":null}},"122":{"start":{"line":202,"column":4},"end":{"line":202,"column":null}},"123":{"start":{"line":204,"column":4},"end":{"line":215,"column":null}},"124":{"start":{"line":205,"column":22},"end":{"line":205,"column":56}},"125":{"start":{"line":206,"column":6},"end":{"line":206,"column":null}},"126":{"start":{"line":207,"column":6},"end":{"line":207,"column":null}},"127":{"start":{"line":209,"column":6},"end":{"line":210,"column":null}},"128":{"start":{"line":210,"column":8},"end":{"line":210,"column":null}},"129":{"start":{"line":213,"column":6},"end":{"line":213,"column":null}},"130":{"start":{"line":215,"column":6},"end":{"line":215,"column":null}},"131":{"start":{"line":219,"column":8},"end":{"line":257,"column":79}},"132":{"start":{"line":220,"column":4},"end":{"line":222,"column":null}},"133":{"start":{"line":221,"column":6},"end":{"line":221,"column":null}},"134":{"start":{"line":222,"column":6},"end":{"line":222,"column":null}},"135":{"start":{"line":225,"column":4},"end":{"line":225,"column":null}},"136":{"start":{"line":226,"column":4},"end":{"line":226,"column":null}},"137":{"start":{"line":227,"column":4},"end":{"line":227,"column":null}},"138":{"start":{"line":228,"column":4},"end":{"line":228,"column":null}},"139":{"start":{"line":230,"column":4},"end":{"line":255,"column":null}},"140":{"start":{"line":231,"column":20},"end":{"line":231,"column":43}},"141":{"start":{"line":232,"column":6},"end":{"line":232,"column":null}},"142":{"start":{"line":233,"column":6},"end":{"line":233,"column":null}},"143":{"start":{"line":235,"column":6},"end":{"line":249,"column":null}},"144":{"start":{"line":250,"column":6},"end":{"line":250,"column":null}},"145":{"start":{"line":251,"column":6},"end":{"line":251,"column":null}},"146":{"start":{"line":253,"column":6},"end":{"line":253,"column":null}},"147":{"start":{"line":255,"column":6},"end":{"line":255,"column":null}},"148":{"start":{"line":259,"column":8},"end":{"line":347,"column":125}},"149":{"start":{"line":260,"column":4},"end":{"line":263,"column":null}},"150":{"start":{"line":261,"column":6},"end":{"line":261,"column":null}},"151":{"start":{"line":262,"column":6},"end":{"line":262,"column":null}},"152":{"start":{"line":263,"column":6},"end":{"line":263,"column":null}},"153":{"start":{"line":266,"column":4},"end":{"line":269,"column":null}},"154":{"start":{"line":267,"column":6},"end":{"line":267,"column":null}},"155":{"start":{"line":268,"column":6},"end":{"line":268,"column":null}},"156":{"start":{"line":269,"column":6},"end":{"line":269,"column":null}},"157":{"start":{"line":272,"column":4},"end":{"line":272,"column":null}},"158":{"start":{"line":273,"column":4},"end":{"line":273,"column":null}},"159":{"start":{"line":274,"column":4},"end":{"line":274,"column":null}},"160":{"start":{"line":276,"column":4},"end":{"line":345,"column":null}},"161":{"start":{"line":279,"column":6},"end":{"line":296,"column":null}},"162":{"start":{"line":280,"column":8},"end":{"line":287,"column":null}},"163":{"start":{"line":289,"column":8},"end":{"line":296,"column":null}},"164":{"start":{"line":299,"column":21},"end":{"line":299,"column":59}},"165":{"start":{"line":301,"column":6},"end":{"line":321,"column":null}},"166":{"start":{"line":302,"column":8},"end":{"line":319,"column":null}},"167":{"start":{"line":321,"column":8},"end":{"line":321,"column":null}},"168":{"start":{"line":324,"column":6},"end":{"line":324,"column":null}},"169":{"start":{"line":325,"column":6},"end":{"line":325,"column":null}},"170":{"start":{"line":327,"column":6},"end":{"line":332,"column":null}},"171":{"start":{"line":328,"column":35},"end":{"line":331,"column":21}},"172":{"start":{"line":329,"column":26},"end":{"line":329,"column":37}},"173":{"start":{"line":330,"column":23},"end":{"line":330,"column":68}},"174":{"start":{"line":332,"column":8},"end":{"line":332,"column":null}},"175":{"start":{"line":335,"column":6},"end":{"line":338,"column":null}},"176":{"start":{"line":336,"column":8},"end":{"line":336,"column":null}},"177":{"start":{"line":338,"column":8},"end":{"line":338,"column":null}},"178":{"start":{"line":341,"column":22},"end":{"line":341,"column":null}},"179":{"start":{"line":342,"column":6},"end":{"line":342,"column":null}},"180":{"start":{"line":343,"column":6},"end":{"line":343,"column":null}},"181":{"start":{"line":345,"column":6},"end":{"line":345,"column":null}},"182":{"start":{"line":349,"column":8},"end":{"line":405,"column":73}},"183":{"start":{"line":350,"column":4},"end":{"line":350,"column":null}},"184":{"start":{"line":350,"column":35},"end":{"line":350,"column":null}},"185":{"start":{"line":352,"column":4},"end":{"line":403,"column":null}},"186":{"start":{"line":353,"column":22},"end":{"line":357,"column":8}},"187":{"start":{"line":359,"column":6},"end":{"line":368,"column":null}},"188":{"start":{"line":360,"column":8},"end":{"line":360,"column":null}},"189":{"start":{"line":362,"column":23},"end":{"line":362,"column":101}},"190":{"start":{"line":363,"column":8},"end":{"line":366,"column":null}},"191":{"start":{"line":364,"column":10},"end":{"line":364,"column":null}},"192":{"start":{"line":365,"column":10},"end":{"line":365,"column":null}},"193":{"start":{"line":366,"column":10},"end":{"line":366,"column":null}},"194":{"start":{"line":368,"column":8},"end":{"line":368,"column":null}},"195":{"start":{"line":371,"column":6},"end":{"line":371,"column":null}},"196":{"start":{"line":372,"column":6},"end":{"line":372,"column":null}},"197":{"start":{"line":373,"column":6},"end":{"line":373,"column":null}},"198":{"start":{"line":374,"column":25},"end":{"line":374,"column":96}},"199":{"start":{"line":375,"column":20},"end":{"line":375,"column":null}},"200":{"start":{"line":377,"column":6},"end":{"line":389,"column":null}},"201":{"start":{"line":378,"column":8},"end":{"line":378,"column":null}},"202":{"start":{"line":379,"column":51},"end":{"line":384,"column":null}},"203":{"start":{"line":385,"column":8},"end":{"line":385,"column":null}},"204":{"start":{"line":386,"column":8},"end":{"line":386,"column":null}},"205":{"start":{"line":387,"column":8},"end":{"line":387,"column":null}},"206":{"start":{"line":389,"column":8},"end":{"line":389,"column":null}},"207":{"start":{"line":392,"column":6},"end":{"line":396,"column":null}},"208":{"start":{"line":393,"column":8},"end":{"line":396,"column":null}},"209":{"start":{"line":394,"column":25},"end":{"line":394,"column":64}},"210":{"start":{"line":395,"column":10},"end":{"line":395,"column":null}},"211":{"start":{"line":400,"column":6},"end":{"line":400,"column":null}},"212":{"start":{"line":401,"column":6},"end":{"line":401,"column":null}},"213":{"start":{"line":403,"column":6},"end":{"line":403,"column":null}},"214":{"start":{"line":407,"column":2},"end":{"line":410,"column":null}},"215":{"start":{"line":408,"column":4},"end":{"line":408,"column":null}},"216":{"start":{"line":408,"column":37},"end":{"line":408,"column":null}},"217":{"start":{"line":409,"column":4},"end":{"line":409,"column":null}},"218":{"start":{"line":412,"column":8},"end":{"line":537,"column":127}},"219":{"start":{"line":413,"column":4},"end":{"line":413,"column":null}},"220":{"start":{"line":413,"column":38},"end":{"line":413,"column":null}},"221":{"start":{"line":415,"column":30},"end":{"line":417,"column":80}},"222":{"start":{"line":419,"column":4},"end":{"line":419,"column":null}},"223":{"start":{"line":420,"column":4},"end":{"line":420,"column":null}},"224":{"start":{"line":421,"column":4},"end":{"line":421,"column":null}},"225":{"start":{"line":423,"column":4},"end":{"line":439,"column":null}},"226":{"start":{"line":434,"column":54},"end":{"line":434,"column":61}},"227":{"start":{"line":440,"column":4},"end":{"line":440,"column":null}},"228":{"start":{"line":442,"column":4},"end":{"line":529,"column":null}},"229":{"start":{"line":443,"column":12},"end":{"line":443,"column":68}},"230":{"start":{"line":444,"column":6},"end":{"line":444,"column":null}},"231":{"start":{"line":444,"column":35},"end":{"line":444,"column":82}},"232":{"start":{"line":446,"column":6},"end":{"line":529,"column":null}},"233":{"start":{"line":447,"column":22},"end":{"line":447,"column":52}},"234":{"start":{"line":448,"column":8},"end":{"line":448,"column":null}},"235":{"start":{"line":449,"column":8},"end":{"line":449,"column":null}},"236":{"start":{"line":450,"column":8},"end":{"line":450,"column":null}},"237":{"start":{"line":450,"column":37},"end":{"line":450,"column":84}},"238":{"start":{"line":453,"column":8},"end":{"line":456,"column":null}},"239":{"start":{"line":454,"column":10},"end":{"line":454,"column":null}},"240":{"start":{"line":456,"column":10},"end":{"line":456,"column":null}},"241":{"start":{"line":459,"column":23},"end":{"line":459,"column":61}},"242":{"start":{"line":460,"column":8},"end":{"line":460,"column":null}},"243":{"start":{"line":460,"column":37},"end":{"line":460,"column":75}},"244":{"start":{"line":462,"column":8},"end":{"line":465,"column":null}},"245":{"start":{"line":463,"column":10},"end":{"line":463,"column":null}},"246":{"start":{"line":463,"column":39},"end":{"line":463,"column":75}},"247":{"start":{"line":464,"column":10},"end":{"line":464,"column":null}},"248":{"start":{"line":464,"column":37},"end":{"line":464,"column":102}},"249":{"start":{"line":465,"column":10},"end":{"line":465,"column":null}},"250":{"start":{"line":468,"column":8},"end":{"line":488,"column":null}},"251":{"start":{"line":469,"column":10},"end":{"line":486,"column":null}},"252":{"start":{"line":488,"column":10},"end":{"line":488,"column":null}},"253":{"start":{"line":491,"column":23},"end":{"line":491,"column":null}},"254":{"start":{"line":492,"column":8},"end":{"line":498,"column":null}},"255":{"start":{"line":492,"column":21},"end":{"line":492,"column":24}},"256":{"start":{"line":493,"column":10},"end":{"line":493,"column":null}},"257":{"start":{"line":493,"column":33},"end":{"line":493,"column":70}},"258":{"start":{"line":494,"column":25},"end":{"line":494,"column":69}},"259":{"start":{"line":495,"column":10},"end":{"line":495,"column":null}},"260":{"start":{"line":496,"column":10},"end":{"line":498,"column":null}},"261":{"start":{"line":497,"column":12},"end":{"line":497,"column":null}},"262":{"start":{"line":498,"column":12},"end":{"line":498,"column":null}},"263":{"start":{"line":502,"column":8},"end":{"line":505,"column":null}},"264":{"start":{"line":503,"column":10},"end":{"line":503,"column":null}},"265":{"start":{"line":503,"column":39},"end":{"line":503,"column":75}},"266":{"start":{"line":504,"column":10},"end":{"line":504,"column":null}},"267":{"start":{"line":504,"column":37},"end":{"line":504,"column":101}},"268":{"start":{"line":505,"column":10},"end":{"line":505,"column":null}},"269":{"start":{"line":508,"column":8},"end":{"line":508,"column":null}},"270":{"start":{"line":508,"column":37},"end":{"line":508,"column":75}},"271":{"start":{"line":509,"column":27},"end":{"line":509,"column":74}},"272":{"start":{"line":510,"column":22},"end":{"line":510,"column":null}},"273":{"start":{"line":512,"column":8},"end":{"line":525,"column":null}},"274":{"start":{"line":513,"column":53},"end":{"line":518,"column":null}},"275":{"start":{"line":519,"column":10},"end":{"line":519,"column":null}},"276":{"start":{"line":520,"column":10},"end":{"line":520,"column":null}},"277":{"start":{"line":521,"column":10},"end":{"line":521,"column":null}},"278":{"start":{"line":522,"column":10},"end":{"line":522,"column":null}},"279":{"start":{"line":522,"column":39},"end":{"line":522,"column":74}},"280":{"start":{"line":524,"column":10},"end":{"line":524,"column":null}},"281":{"start":{"line":524,"column":39},"end":{"line":524,"column":75}},"282":{"start":{"line":525,"column":10},"end":{"line":525,"column":null}},"283":{"start":{"line":525,"column":37},"end":{"line":525,"column":91}},"284":{"start":{"line":528,"column":8},"end":{"line":528,"column":null}},"285":{"start":{"line":528,"column":37},"end":{"line":528,"column":73}},"286":{"start":{"line":529,"column":8},"end":{"line":529,"column":null}},"287":{"start":{"line":529,"column":35},"end":{"line":529,"column":116}},"288":{"start":{"line":533,"column":4},"end":{"line":533,"column":null}},"289":{"start":{"line":534,"column":10},"end":{"line":534,"column":48}},"290":{"start":{"line":535,"column":23},"end":{"line":535,"column":null}},"291":{"start":{"line":536,"column":4},"end":{"line":536,"column":null}},"292":{"start":{"line":539,"column":26},"end":{"line":545,"column":null}},"293":{"start":{"line":547,"column":2},"end":{"line":925,"column":null}},"294":{"start":{"line":570,"column":18},"end":{"line":570,"column":null}},"295":{"start":{"line":579,"column":33},"end":{"line":579,"column":74}},"296":{"start":{"line":591,"column":18},"end":{"line":593,"column":null}},"297":{"start":{"line":634,"column":16},"end":{"line":634,"column":null}},"298":{"start":{"line":635,"column":16},"end":{"line":639,"column":null}},"299":{"start":{"line":636,"column":24},"end":{"line":636,"column":47}},"300":{"start":{"line":637,"column":18},"end":{"line":637,"column":null}},"301":{"start":{"line":639,"column":18},"end":{"line":639,"column":null}},"302":{"start":{"line":649,"column":16},"end":{"line":649,"column":null}},"303":{"start":{"line":650,"column":16},"end":{"line":650,"column":null}},"304":{"start":{"line":697,"column":37},"end":{"line":697,"column":69}},"305":{"start":{"line":754,"column":70},"end":{"line":754,"column":89}},"306":{"start":{"line":758,"column":70},"end":{"line":758,"column":106}},"307":{"start":{"line":793,"column":33},"end":{"line":793,"column":59}},"308":{"start":{"line":839,"column":34},"end":{"line":839,"column":null}},"309":{"start":{"line":840,"column":37},"end":{"line":840,"column":null}},"310":{"start":{"line":841,"column":39},"end":{"line":853,"column":null}},"311":{"start":{"line":854,"column":20},"end":{"line":880,"column":null}},"312":{"start":{"line":901,"column":117},"end":{"line":901,"column":126}}},"fnMap":{"0":{"name":"App","decl":{"start":{"line":34,"column":24},"end":{"line":34,"column":30}},"loc":{"start":{"line":34,"column":30},"end":{"line":925,"column":null}},"line":34},"1":{"name":"(anonymous_1)","decl":{"start":{"line":42,"column":42},"end":{"line":42,"column":57}},"loc":{"start":{"line":42,"column":42},"end":{"line":42,"column":81}},"line":42},"2":{"name":"(anonymous_2)","decl":{"start":{"line":63,"column":22},"end":{"line":63,"column":36}},"loc":{"start":{"line":63,"column":22},"end":{"line":63,"column":65}},"line":63},"3":{"name":"(anonymous_3)","decl":{"start":{"line":74,"column":24},"end":{"line":74,"column":38}},"loc":{"start":{"line":74,"column":38},"end":{"line":74,"column":64}},"line":74},"4":{"name":"handleElectionSelect","decl":{"start":{"line":76,"column":17},"end":{"line":76,"column":38}},"loc":{"start":{"line":76,"column":58},"end":{"line":108,"column":null}},"line":76},"5":{"name":"(anonymous_5)","decl":{"start":{"line":78,"column":33},"end":{"line":78,"column":39}},"loc":{"start":{"line":78,"column":45},"end":{"line":78,"column":74}},"line":78},"6":{"name":"(anonymous_6)","decl":{"start":{"line":82,"column":32},"end":{"line":82,"column":40}},"loc":{"start":{"line":82,"column":46},"end":{"line":82,"column":68}},"line":82},"7":{"name":"(anonymous_7)","decl":{"start":{"line":112,"column":31},"end":{"line":112,"column":45}},"loc":{"start":{"line":112,"column":45},"end":{"line":121,"column":6}},"line":112},"8":{"name":"(anonymous_8)","decl":{"start":{"line":123,"column":2},"end":{"line":123,"column":18}},"loc":{"start":{"line":123,"column":18},"end":{"line":158,"column":7}},"line":123},"9":{"name":"discover","decl":{"start":{"line":124,"column":19},"end":{"line":124,"column":30}},"loc":{"start":{"line":124,"column":30},"end":{"line":153,"column":null}},"line":124},"10":{"name":"(anonymous_10)","decl":{"start":{"line":160,"column":2},"end":{"line":160,"column":18}},"loc":{"start":{"line":160,"column":18},"end":{"line":171,"column":7}},"line":160},"11":{"name":"(anonymous_11)","decl":{"start":{"line":161,"column":17},"end":{"line":161,"column":39}},"loc":{"start":{"line":161,"column":50},"end":{"line":168,"column":null}},"line":161},"12":{"name":"(anonymous_12)","decl":{"start":{"line":166,"column":32},"end":{"line":166,"column":38}},"loc":{"start":{"line":166,"column":47},"end":{"line":166,"column":67}},"line":166},"13":{"name":"(anonymous_13)","decl":{"start":{"line":166,"column":69},"end":{"line":166,"column":81}},"loc":{"start":{"line":166,"column":81},"end":{"line":166,"column":84}},"line":166},"14":{"name":"(anonymous_14)","decl":{"start":{"line":170,"column":4},"end":{"line":170,"column":17}},"loc":{"start":{"line":170,"column":17},"end":{"line":170,"column":null}},"line":170},"15":{"name":"(anonymous_15)","decl":{"start":{"line":173,"column":2},"end":{"line":173,"column":18}},"loc":{"start":{"line":173,"column":18},"end":{"line":178,"column":6}},"line":173},"16":{"name":"resetIssuanceFlow","decl":{"start":{"line":180,"column":11},"end":{"line":180,"column":31}},"loc":{"start":{"line":180,"column":31},"end":{"line":185,"column":null}},"line":180},"17":{"name":"resetEligibilityFlow","decl":{"start":{"line":188,"column":11},"end":{"line":188,"column":34}},"loc":{"start":{"line":188,"column":34},"end":{"line":190,"column":null}},"line":188},"18":{"name":"(anonymous_18)","decl":{"start":{"line":193,"column":38},"end":{"line":193,"column":50}},"loc":{"start":{"line":193,"column":50},"end":{"line":217,"column":6}},"line":193},"19":{"name":"(anonymous_19)","decl":{"start":{"line":219,"column":35},"end":{"line":219,"column":47}},"loc":{"start":{"line":219,"column":47},"end":{"line":257,"column":6}},"line":219},"20":{"name":"(anonymous_20)","decl":{"start":{"line":259,"column":42},"end":{"line":259,"column":54}},"loc":{"start":{"line":259,"column":54},"end":{"line":347,"column":6}},"line":259},"21":{"name":"(anonymous_21)","decl":{"start":{"line":329,"column":11},"end":{"line":329,"column":19}},"loc":{"start":{"line":329,"column":26},"end":{"line":329,"column":37}},"line":329},"22":{"name":"(anonymous_22)","decl":{"start":{"line":330,"column":11},"end":{"line":330,"column":16}},"loc":{"start":{"line":330,"column":23},"end":{"line":330,"column":68}},"line":330},"23":{"name":"(anonymous_23)","decl":{"start":{"line":349,"column":39},"end":{"line":349,"column":51}},"loc":{"start":{"line":349,"column":51},"end":{"line":405,"column":6}},"line":349},"24":{"name":"(anonymous_24)","decl":{"start":{"line":407,"column":2},"end":{"line":407,"column":18}},"loc":{"start":{"line":407,"column":18},"end":{"line":410,"column":6}},"line":407},"25":{"name":"(anonymous_25)","decl":{"start":{"line":412,"column":52},"end":{"line":412,"column":64}},"loc":{"start":{"line":412,"column":64},"end":{"line":537,"column":6}},"line":412},"26":{"name":"(anonymous_26)","decl":{"start":{"line":434,"column":45},"end":{"line":434,"column":49}},"loc":{"start":{"line":434,"column":54},"end":{"line":434,"column":61}},"line":434},"27":{"name":"(anonymous_27)","decl":{"start":{"line":444,"column":6},"end":{"line":444,"column":26}},"loc":{"start":{"line":444,"column":35},"end":{"line":444,"column":82}},"line":444},"28":{"name":"(anonymous_28)","decl":{"start":{"line":450,"column":8},"end":{"line":450,"column":28}},"loc":{"start":{"line":450,"column":37},"end":{"line":450,"column":84}},"line":450},"29":{"name":"(anonymous_29)","decl":{"start":{"line":460,"column":8},"end":{"line":460,"column":28}},"loc":{"start":{"line":460,"column":37},"end":{"line":460,"column":75}},"line":460},"30":{"name":"(anonymous_30)","decl":{"start":{"line":463,"column":10},"end":{"line":463,"column":30}},"loc":{"start":{"line":463,"column":39},"end":{"line":463,"column":75}},"line":463},"31":{"name":"(anonymous_31)","decl":{"start":{"line":464,"column":10},"end":{"line":464,"column":28}},"loc":{"start":{"line":464,"column":37},"end":{"line":464,"column":102}},"line":464},"32":{"name":"(anonymous_32)","decl":{"start":{"line":493,"column":20},"end":{"line":493,"column":28}},"loc":{"start":{"line":493,"column":33},"end":{"line":493,"column":70}},"line":493},"33":{"name":"(anonymous_33)","decl":{"start":{"line":503,"column":10},"end":{"line":503,"column":30}},"loc":{"start":{"line":503,"column":39},"end":{"line":503,"column":75}},"line":503},"34":{"name":"(anonymous_34)","decl":{"start":{"line":504,"column":10},"end":{"line":504,"column":28}},"loc":{"start":{"line":504,"column":37},"end":{"line":504,"column":101}},"line":504},"35":{"name":"(anonymous_35)","decl":{"start":{"line":508,"column":8},"end":{"line":508,"column":28}},"loc":{"start":{"line":508,"column":37},"end":{"line":508,"column":75}},"line":508},"36":{"name":"(anonymous_36)","decl":{"start":{"line":522,"column":10},"end":{"line":522,"column":30}},"loc":{"start":{"line":522,"column":39},"end":{"line":522,"column":74}},"line":522},"37":{"name":"(anonymous_37)","decl":{"start":{"line":524,"column":10},"end":{"line":524,"column":30}},"loc":{"start":{"line":524,"column":39},"end":{"line":524,"column":75}},"line":524},"38":{"name":"(anonymous_38)","decl":{"start":{"line":525,"column":10},"end":{"line":525,"column":28}},"loc":{"start":{"line":525,"column":37},"end":{"line":525,"column":91}},"line":525},"39":{"name":"(anonymous_39)","decl":{"start":{"line":528,"column":8},"end":{"line":528,"column":28}},"loc":{"start":{"line":528,"column":37},"end":{"line":528,"column":73}},"line":528},"40":{"name":"(anonymous_40)","decl":{"start":{"line":529,"column":8},"end":{"line":529,"column":26}},"loc":{"start":{"line":529,"column":35},"end":{"line":529,"column":116}},"line":529},"41":{"name":"(anonymous_41)","decl":{"start":{"line":569,"column":40},"end":{"line":569,"column":45}},"loc":{"start":{"line":570,"column":18},"end":{"line":570,"column":null}},"line":570},"42":{"name":"(anonymous_42)","decl":{"start":{"line":579,"column":16},"end":{"line":579,"column":27}},"loc":{"start":{"line":579,"column":33},"end":{"line":579,"column":74}},"line":579},"43":{"name":"(anonymous_43)","decl":{"start":{"line":590,"column":30},"end":{"line":590,"column":35}},"loc":{"start":{"line":591,"column":18},"end":{"line":593,"column":null}},"line":591},"44":{"name":"(anonymous_44)","decl":{"start":{"line":633,"column":14},"end":{"line":633,"column":29}},"loc":{"start":{"line":633,"column":29},"end":{"line":639,"column":null}},"line":633},"45":{"name":"(anonymous_45)","decl":{"start":{"line":648,"column":14},"end":{"line":648,"column":29}},"loc":{"start":{"line":648,"column":29},"end":{"line":650,"column":null}},"line":648},"46":{"name":"(anonymous_46)","decl":{"start":{"line":697,"column":16},"end":{"line":697,"column":27}},"loc":{"start":{"line":697,"column":37},"end":{"line":697,"column":69}},"line":697},"47":{"name":"(anonymous_47)","decl":{"start":{"line":754,"column":55},"end":{"line":754,"column":70}},"loc":{"start":{"line":754,"column":70},"end":{"line":754,"column":89}},"line":754},"48":{"name":"(anonymous_48)","decl":{"start":{"line":758,"column":55},"end":{"line":758,"column":70}},"loc":{"start":{"line":758,"column":70},"end":{"line":758,"column":106}},"line":758},"49":{"name":"(anonymous_49)","decl":{"start":{"line":793,"column":18},"end":{"line":793,"column":33}},"loc":{"start":{"line":793,"column":33},"end":{"line":793,"column":59}},"line":793},"50":{"name":"(anonymous_50)","decl":{"start":{"line":838,"column":42},"end":{"line":838,"column":47}},"loc":{"start":{"line":838,"column":57},"end":{"line":882,"column":null}},"line":838},"51":{"name":"(anonymous_51)","decl":{"start":{"line":901,"column":107},"end":{"line":901,"column":111}},"loc":{"start":{"line":901,"column":117},"end":{"line":901,"column":126}},"line":901}},"branchMap":{"0":{"loc":{"start":{"line":64,"column":21},"end":{"line":64,"column":null}},"type":"cond-expr","locations":[{"start":{"line":64,"column":61},"end":{"line":64,"column":75}},{"start":{"line":64,"column":75},"end":{"line":64,"column":null}}],"line":64},"1":{"loc":{"start":{"line":64,"column":21},"end":{"line":64,"column":61}},"type":"binary-expr","locations":[{"start":{"line":64,"column":21},"end":{"line":64,"column":47}},{"start":{"line":64,"column":47},"end":{"line":64,"column":61}}],"line":64},"2":{"loc":{"start":{"line":65,"column":22},"end":{"line":65,"column":null}},"type":"cond-expr","locations":[{"start":{"line":65,"column":22},"end":{"line":65,"column":58}},{"start":{"line":65,"column":61},"end":{"line":65,"column":null}}],"line":65},"3":{"loc":{"start":{"line":66,"column":34},"end":{"line":66,"column":109}},"type":"binary-expr","locations":[{"start":{"line":66,"column":34},"end":{"line":66,"column":67}},{"start":{"line":66,"column":67},"end":{"line":66,"column":87}},{"start":{"line":66,"column":87},"end":{"line":66,"column":109}}],"line":66},"4":{"loc":{"start":{"line":68,"column":26},"end":{"line":68,"column":null}},"type":"binary-expr","locations":[{"start":{"line":68,"column":26},"end":{"line":68,"column":62}},{"start":{"line":68,"column":62},"end":{"line":68,"column":null}}],"line":68},"5":{"loc":{"start":{"line":69,"column":18},"end":{"line":69,"column":null}},"type":"binary-expr","locations":[{"start":{"line":69,"column":18},"end":{"line":69,"column":46}},{"start":{"line":69,"column":46},"end":{"line":69,"column":null}}],"line":69},"6":{"loc":{"start":{"line":70,"column":17},"end":{"line":70,"column":46}},"type":"binary-expr","locations":[{"start":{"line":70,"column":17},"end":{"line":70,"column":44}},{"start":{"line":70,"column":44},"end":{"line":70,"column":46}}],"line":70},"7":{"loc":{"start":{"line":71,"column":21},"end":{"line":71,"column":null}},"type":"binary-expr","locations":[{"start":{"line":71,"column":21},"end":{"line":71,"column":50}},{"start":{"line":71,"column":50},"end":{"line":71,"column":null}}],"line":71},"8":{"loc":{"start":{"line":72,"column":40},"end":{"line":72,"column":69}},"type":"binary-expr","locations":[{"start":{"line":72,"column":40},"end":{"line":72,"column":67}},{"start":{"line":72,"column":67},"end":{"line":72,"column":69}}],"line":72},"9":{"loc":{"start":{"line":77,"column":4},"end":{"line":77,"column":null}},"type":"if","locations":[{"start":{"line":77,"column":4},"end":{"line":77,"column":null}},{"start":{},"end":{}}],"line":77},"10":{"loc":{"start":{"line":79,"column":4},"end":{"line":79,"column":null}},"type":"if","locations":[{"start":{"line":79,"column":4},"end":{"line":79,"column":null}},{"start":{},"end":{}}],"line":79},"11":{"loc":{"start":{"line":84,"column":6},"end":{"line":84,"column":null}},"type":"if","locations":[{"start":{"line":84,"column":6},"end":{"line":84,"column":null}},{"start":{},"end":{}}],"line":84},"12":{"loc":{"start":{"line":86,"column":6},"end":{"line":86,"column":null}},"type":"if","locations":[{"start":{"line":86,"column":6},"end":{"line":86,"column":null}},{"start":{},"end":{}}],"line":86},"13":{"loc":{"start":{"line":91,"column":15},"end":{"line":91,"column":null}},"type":"binary-expr","locations":[{"start":{"line":91,"column":15},"end":{"line":91,"column":32}},{"start":{"line":91,"column":32},"end":{"line":91,"column":null}}],"line":91},"14":{"loc":{"start":{"line":92,"column":21},"end":{"line":92,"column":null}},"type":"binary-expr","locations":[{"start":{"line":92,"column":21},"end":{"line":92,"column":44}},{"start":{"line":92,"column":44},"end":{"line":92,"column":null}}],"line":92},"15":{"loc":{"start":{"line":93,"column":19},"end":{"line":93,"column":42}},"type":"binary-expr","locations":[{"start":{"line":93,"column":19},"end":{"line":93,"column":40}},{"start":{"line":93,"column":40},"end":{"line":93,"column":42}}],"line":93},"16":{"loc":{"start":{"line":94,"column":21},"end":{"line":94,"column":null}},"type":"binary-expr","locations":[{"start":{"line":94,"column":21},"end":{"line":94,"column":52}},{"start":{"line":94,"column":52},"end":{"line":94,"column":82}},{"start":{"line":94,"column":82},"end":{"line":94,"column":null}}],"line":94},"17":{"loc":{"start":{"line":95,"column":19},"end":{"line":95,"column":null}},"type":"binary-expr","locations":[{"start":{"line":95,"column":19},"end":{"line":95,"column":48}},{"start":{"line":95,"column":48},"end":{"line":95,"column":76}},{"start":{"line":95,"column":76},"end":{"line":95,"column":null}}],"line":95},"18":{"loc":{"start":{"line":96,"column":19},"end":{"line":96,"column":42}},"type":"binary-expr","locations":[{"start":{"line":96,"column":19},"end":{"line":96,"column":40}},{"start":{"line":96,"column":40},"end":{"line":96,"column":42}}],"line":96},"19":{"loc":{"start":{"line":97,"column":28},"end":{"line":97,"column":null}},"type":"binary-expr","locations":[{"start":{"line":97,"column":28},"end":{"line":97,"column":65}},{"start":{"line":97,"column":65},"end":{"line":97,"column":null}}],"line":97},"20":{"loc":{"start":{"line":104,"column":41},"end":{"line":104,"column":71}},"type":"binary-expr","locations":[{"start":{"line":104,"column":41},"end":{"line":104,"column":58}},{"start":{"line":104,"column":58},"end":{"line":104,"column":71}}],"line":104},"21":{"loc":{"start":{"line":113,"column":4},"end":{"line":114,"column":null}},"type":"if","locations":[{"start":{"line":113,"column":4},"end":{"line":114,"column":null}},{"start":{},"end":{}}],"line":113},"22":{"loc":{"start":{"line":113,"column":8},"end":{"line":113,"column":55}},"type":"binary-expr","locations":[{"start":{"line":113,"column":8},"end":{"line":113,"column":26}},{"start":{"line":113,"column":26},"end":{"line":113,"column":55}}],"line":113},"23":{"loc":{"start":{"line":134,"column":57},"end":{"line":134,"column":85}},"type":"binary-expr","locations":[{"start":{"line":134,"column":57},"end":{"line":134,"column":76}},{"start":{"line":134,"column":76},"end":{"line":134,"column":85}}],"line":134},"24":{"loc":{"start":{"line":139,"column":8},"end":{"line":147,"column":null}},"type":"if","locations":[{"start":{"line":139,"column":8},"end":{"line":147,"column":null}},{"start":{"line":145,"column":19},"end":{"line":147,"column":null}}],"line":139},"25":{"loc":{"start":{"line":139,"column":12},"end":{"line":139,"column":73}},"type":"binary-expr","locations":[{"start":{"line":139,"column":12},"end":{"line":139,"column":34}},{"start":{"line":139,"column":34},"end":{"line":139,"column":73}}],"line":139},"26":{"loc":{"start":{"line":142,"column":10},"end":{"line":143,"column":null}},"type":"if","locations":[{"start":{"line":142,"column":10},"end":{"line":143,"column":null}},{"start":{},"end":{}}],"line":142},"27":{"loc":{"start":{"line":145,"column":19},"end":{"line":147,"column":null}},"type":"if","locations":[{"start":{"line":145,"column":19},"end":{"line":147,"column":null}},{"start":{},"end":{}}],"line":145},"28":{"loc":{"start":{"line":150,"column":17},"end":{"line":150,"column":84}},"type":"cond-expr","locations":[{"start":{"line":150,"column":40},"end":{"line":150,"column":54}},{"start":{"line":150,"column":54},"end":{"line":150,"column":84}}],"line":150},"29":{"loc":{"start":{"line":162,"column":6},"end":{"line":166,"column":null}},"type":"if","locations":[{"start":{"line":162,"column":6},"end":{"line":166,"column":null}},{"start":{},"end":{}}],"line":162},"30":{"loc":{"start":{"line":162,"column":10},"end":{"line":162,"column":52}},"type":"binary-expr","locations":[{"start":{"line":162,"column":10},"end":{"line":162,"column":37}},{"start":{"line":162,"column":37},"end":{"line":162,"column":52}}],"line":162},"31":{"loc":{"start":{"line":169,"column":21},"end":{"line":169,"column":60}},"type":"binary-expr","locations":[{"start":{"line":169,"column":21},"end":{"line":169,"column":47}},{"start":{"line":169,"column":47},"end":{"line":169,"column":60}}],"line":169},"32":{"loc":{"start":{"line":175,"column":4},"end":{"line":176,"column":null}},"type":"if","locations":[{"start":{"line":175,"column":4},"end":{"line":176,"column":null}},{"start":{},"end":{}}],"line":175},"33":{"loc":{"start":{"line":175,"column":8},"end":{"line":175,"column":54}},"type":"binary-expr","locations":[{"start":{"line":175,"column":8},"end":{"line":175,"column":23}},{"start":{"line":175,"column":23},"end":{"line":175,"column":37}},{"start":{"line":175,"column":37},"end":{"line":175,"column":54}}],"line":175},"34":{"loc":{"start":{"line":194,"column":4},"end":{"line":196,"column":null}},"type":"if","locations":[{"start":{"line":194,"column":4},"end":{"line":196,"column":null}},{"start":{},"end":{}}],"line":194},"35":{"loc":{"start":{"line":194,"column":8},"end":{"line":194,"column":37}},"type":"binary-expr","locations":[{"start":{"line":194,"column":8},"end":{"line":194,"column":24}},{"start":{"line":194,"column":24},"end":{"line":194,"column":37}}],"line":194},"36":{"loc":{"start":{"line":209,"column":6},"end":{"line":210,"column":null}},"type":"if","locations":[{"start":{"line":209,"column":6},"end":{"line":210,"column":null}},{"start":{},"end":{}}],"line":209},"37":{"loc":{"start":{"line":213,"column":15},"end":{"line":213,"column":97}},"type":"cond-expr","locations":[{"start":{"line":213,"column":47},"end":{"line":213,"column":70}},{"start":{"line":213,"column":70},"end":{"line":213,"column":97}}],"line":213},"38":{"loc":{"start":{"line":220,"column":4},"end":{"line":222,"column":null}},"type":"if","locations":[{"start":{"line":220,"column":4},"end":{"line":222,"column":null}},{"start":{},"end":{}}],"line":220},"39":{"loc":{"start":{"line":236,"column":20},"end":{"line":236,"column":null}},"type":"binary-expr","locations":[{"start":{"line":236,"column":20},"end":{"line":236,"column":49}},{"start":{"line":236,"column":49},"end":{"line":236,"column":null}}],"line":236},"40":{"loc":{"start":{"line":239,"column":18},"end":{"line":247,"column":null}},"type":"cond-expr","locations":[{"start":{"line":239,"column":33},"end":{"line":247,"column":12}},{"start":{"line":247,"column":12},"end":{"line":247,"column":null}}],"line":239},"41":{"loc":{"start":{"line":253,"column":15},"end":{"line":253,"column":96}},"type":"cond-expr","locations":[{"start":{"line":253,"column":47},"end":{"line":253,"column":70}},{"start":{"line":253,"column":70},"end":{"line":253,"column":96}}],"line":253},"42":{"loc":{"start":{"line":260,"column":4},"end":{"line":263,"column":null}},"type":"if","locations":[{"start":{"line":260,"column":4},"end":{"line":263,"column":null}},{"start":{},"end":{}}],"line":260},"43":{"loc":{"start":{"line":266,"column":4},"end":{"line":269,"column":null}},"type":"if","locations":[{"start":{"line":266,"column":4},"end":{"line":269,"column":null}},{"start":{},"end":{}}],"line":266},"44":{"loc":{"start":{"line":266,"column":8},"end":{"line":266,"column":46}},"type":"binary-expr","locations":[{"start":{"line":266,"column":8},"end":{"line":266,"column":32}},{"start":{"line":266,"column":32},"end":{"line":266,"column":46}}],"line":266},"45":{"loc":{"start":{"line":279,"column":6},"end":{"line":296,"column":null}},"type":"if","locations":[{"start":{"line":279,"column":6},"end":{"line":296,"column":null}},{"start":{"line":288,"column":13},"end":{"line":296,"column":null}}],"line":279},"46":{"loc":{"start":{"line":279,"column":10},"end":{"line":279,"column":44}},"type":"binary-expr","locations":[{"start":{"line":279,"column":10},"end":{"line":279,"column":20}},{"start":{"line":279,"column":20},"end":{"line":279,"column":44}}],"line":279},"47":{"loc":{"start":{"line":303,"column":16},"end":{"line":303,"column":null}},"type":"binary-expr","locations":[{"start":{"line":303,"column":16},"end":{"line":303,"column":30}},{"start":{"line":303,"column":30},"end":{"line":303,"column":null}}],"line":303},"48":{"loc":{"start":{"line":327,"column":6},"end":{"line":332,"column":null}},"type":"if","locations":[{"start":{"line":327,"column":6},"end":{"line":332,"column":null}},{"start":{},"end":{}}],"line":327},"49":{"loc":{"start":{"line":330,"column":39},"end":{"line":330,"column":68}},"type":"binary-expr","locations":[{"start":{"line":330,"column":39},"end":{"line":330,"column":51}},{"start":{"line":330,"column":51},"end":{"line":330,"column":68}}],"line":330},"50":{"loc":{"start":{"line":335,"column":6},"end":{"line":338,"column":null}},"type":"if","locations":[{"start":{"line":335,"column":6},"end":{"line":338,"column":null}},{"start":{"line":337,"column":13},"end":{"line":338,"column":null}}],"line":335},"51":{"loc":{"start":{"line":336,"column":65},"end":{"line":336,"column":99}},"type":"cond-expr","locations":[{"start":{"line":336,"column":90},"end":{"line":336,"column":95}},{"start":{"line":336,"column":95},"end":{"line":336,"column":99}}],"line":336},"52":{"loc":{"start":{"line":341,"column":22},"end":{"line":341,"column":null}},"type":"cond-expr","locations":[{"start":{"line":341,"column":54},"end":{"line":341,"column":77}},{"start":{"line":341,"column":77},"end":{"line":341,"column":null}}],"line":341},"53":{"loc":{"start":{"line":350,"column":4},"end":{"line":350,"column":null}},"type":"if","locations":[{"start":{"line":350,"column":4},"end":{"line":350,"column":null}},{"start":{},"end":{}}],"line":350},"54":{"loc":{"start":{"line":350,"column":8},"end":{"line":350,"column":35}},"type":"binary-expr","locations":[{"start":{"line":350,"column":8},"end":{"line":350,"column":22}},{"start":{"line":350,"column":22},"end":{"line":350,"column":35}}],"line":350},"55":{"loc":{"start":{"line":359,"column":6},"end":{"line":368,"column":null}},"type":"if","locations":[{"start":{"line":359,"column":6},"end":{"line":368,"column":null}},{"start":{"line":361,"column":13},"end":{"line":368,"column":null}}],"line":359},"56":{"loc":{"start":{"line":363,"column":8},"end":{"line":366,"column":null}},"type":"if","locations":[{"start":{"line":363,"column":8},"end":{"line":366,"column":null}},{"start":{},"end":{}}],"line":363},"57":{"loc":{"start":{"line":368,"column":22},"end":{"line":368,"column":51}},"type":"binary-expr","locations":[{"start":{"line":368,"column":22},"end":{"line":368,"column":44}},{"start":{"line":368,"column":44},"end":{"line":368,"column":51}}],"line":368},"58":{"loc":{"start":{"line":377,"column":6},"end":{"line":389,"column":null}},"type":"if","locations":[{"start":{"line":377,"column":6},"end":{"line":389,"column":null}},{"start":{"line":388,"column":13},"end":{"line":389,"column":null}}],"line":377},"59":{"loc":{"start":{"line":383,"column":24},"end":{"line":383,"column":null}},"type":"binary-expr","locations":[{"start":{"line":383,"column":24},"end":{"line":383,"column":48}},{"start":{"line":383,"column":48},"end":{"line":383,"column":null}}],"line":383},"60":{"loc":{"start":{"line":392,"column":6},"end":{"line":396,"column":null}},"type":"if","locations":[{"start":{"line":392,"column":6},"end":{"line":396,"column":null}},{"start":{},"end":{}}],"line":392},"61":{"loc":{"start":{"line":392,"column":10},"end":{"line":392,"column":35}},"type":"binary-expr","locations":[{"start":{"line":392,"column":10},"end":{"line":392,"column":24}},{"start":{"line":392,"column":24},"end":{"line":392,"column":35}}],"line":392},"62":{"loc":{"start":{"line":401,"column":15},"end":{"line":401,"column":98}},"type":"cond-expr","locations":[{"start":{"line":401,"column":47},"end":{"line":401,"column":70}},{"start":{"line":401,"column":70},"end":{"line":401,"column":98}}],"line":401},"63":{"loc":{"start":{"line":408,"column":4},"end":{"line":408,"column":null}},"type":"if","locations":[{"start":{"line":408,"column":4},"end":{"line":408,"column":null}},{"start":{},"end":{}}],"line":408},"64":{"loc":{"start":{"line":408,"column":8},"end":{"line":408,"column":37}},"type":"binary-expr","locations":[{"start":{"line":408,"column":8},"end":{"line":408,"column":25}},{"start":{"line":408,"column":25},"end":{"line":408,"column":37}}],"line":408},"65":{"loc":{"start":{"line":413,"column":4},"end":{"line":413,"column":null}},"type":"if","locations":[{"start":{"line":413,"column":4},"end":{"line":413,"column":null}},{"start":{},"end":{}}],"line":413},"66":{"loc":{"start":{"line":413,"column":8},"end":{"line":413,"column":38}},"type":"binary-expr","locations":[{"start":{"line":413,"column":8},"end":{"line":413,"column":25}},{"start":{"line":413,"column":25},"end":{"line":413,"column":38}}],"line":413},"67":{"loc":{"start":{"line":415,"column":30},"end":{"line":417,"column":80}},"type":"cond-expr","locations":[{"start":{"line":416,"column":8},"end":{"line":416,"column":null}},{"start":{"line":417,"column":8},"end":{"line":417,"column":80}}],"line":415},"68":{"loc":{"start":{"line":443,"column":23},"end":{"line":443,"column":50}},"type":"binary-expr","locations":[{"start":{"line":443,"column":23},"end":{"line":443,"column":40}},{"start":{"line":443,"column":40},"end":{"line":443,"column":50}}],"line":443},"69":{"loc":{"start":{"line":453,"column":8},"end":{"line":456,"column":null}},"type":"if","locations":[{"start":{"line":453,"column":8},"end":{"line":456,"column":null}},{"start":{"line":455,"column":15},"end":{"line":456,"column":null}}],"line":453},"70":{"loc":{"start":{"line":453,"column":12},"end":{"line":453,"column":46}},"type":"binary-expr","locations":[{"start":{"line":453,"column":12},"end":{"line":453,"column":22}},{"start":{"line":453,"column":22},"end":{"line":453,"column":46}}],"line":453},"71":{"loc":{"start":{"line":462,"column":8},"end":{"line":465,"column":null}},"type":"if","locations":[{"start":{"line":462,"column":8},"end":{"line":465,"column":null}},{"start":{},"end":{}}],"line":462},"72":{"loc":{"start":{"line":470,"column":18},"end":{"line":470,"column":null}},"type":"binary-expr","locations":[{"start":{"line":470,"column":18},"end":{"line":470,"column":32}},{"start":{"line":470,"column":32},"end":{"line":470,"column":null}}],"line":470},"73":{"loc":{"start":{"line":493,"column":47},"end":{"line":493,"column":70}},"type":"cond-expr","locations":[{"start":{"line":493,"column":58},"end":{"line":493,"column":65}},{"start":{"line":493,"column":65},"end":{"line":493,"column":70}}],"line":493},"74":{"loc":{"start":{"line":496,"column":10},"end":{"line":498,"column":null}},"type":"if","locations":[{"start":{"line":496,"column":10},"end":{"line":498,"column":null}},{"start":{},"end":{}}],"line":496},"75":{"loc":{"start":{"line":502,"column":8},"end":{"line":505,"column":null}},"type":"if","locations":[{"start":{"line":502,"column":8},"end":{"line":505,"column":null}},{"start":{},"end":{}}],"line":502},"76":{"loc":{"start":{"line":512,"column":8},"end":{"line":525,"column":null}},"type":"if","locations":[{"start":{"line":512,"column":8},"end":{"line":525,"column":null}},{"start":{"line":523,"column":15},"end":{"line":525,"column":null}}],"line":512},"77":{"loc":{"start":{"line":517,"column":26},"end":{"line":517,"column":null}},"type":"binary-expr","locations":[{"start":{"line":517,"column":26},"end":{"line":517,"column":50}},{"start":{"line":517,"column":50},"end":{"line":517,"column":null}}],"line":517},"78":{"loc":{"start":{"line":529,"column":60},"end":{"line":529,"column":114}},"type":"cond-expr","locations":[{"start":{"line":529,"column":83},"end":{"line":529,"column":97}},{"start":{"line":529,"column":97},"end":{"line":529,"column":114}}],"line":529},"79":{"loc":{"start":{"line":535,"column":23},"end":{"line":535,"column":null}},"type":"binary-expr","locations":[{"start":{"line":535,"column":23},"end":{"line":535,"column":64}},{"start":{"line":535,"column":64},"end":{"line":535,"column":null}}],"line":535},"80":{"loc":{"start":{"line":539,"column":26},"end":{"line":545,"column":null}},"type":"cond-expr","locations":[{"start":{"line":540,"column":6},"end":{"line":540,"column":null}},{"start":{"line":541,"column":6},"end":{"line":545,"column":null}}],"line":539},"81":{"loc":{"start":{"line":541,"column":6},"end":{"line":545,"column":null}},"type":"cond-expr","locations":[{"start":{"line":542,"column":8},"end":{"line":542,"column":null}},{"start":{"line":543,"column":6},"end":{"line":545,"column":null}}],"line":541},"82":{"loc":{"start":{"line":543,"column":6},"end":{"line":545,"column":null}},"type":"cond-expr","locations":[{"start":{"line":544,"column":10},"end":{"line":544,"column":null}},{"start":{"line":545,"column":10},"end":{"line":545,"column":null}}],"line":543},"83":{"loc":{"start":{"line":554,"column":36},"end":{"line":554,"column":159}},"type":"cond-expr","locations":[{"start":{"line":554,"column":48},"end":{"line":554,"column":97}},{"start":{"line":554,"column":97},"end":{"line":554,"column":159}}],"line":554},"84":{"loc":{"start":{"line":556,"column":11},"end":{"line":558,"column":null}},"type":"cond-expr","locations":[{"start":{"line":557,"column":14},"end":{"line":557,"column":null}},{"start":{"line":558,"column":14},"end":{"line":558,"column":null}}],"line":556},"85":{"loc":{"start":{"line":561,"column":9},"end":{"line":614,"column":null}},"type":"cond-expr","locations":[{"start":{"line":562,"column":10},"end":{"line":563,"column":null}},{"start":{"line":563,"column":12},"end":{"line":614,"column":null}}],"line":561},"86":{"loc":{"start":{"line":563,"column":12},"end":{"line":614,"column":null}},"type":"cond-expr","locations":[{"start":{"line":564,"column":10},"end":{"line":610,"column":11}},{"start":{"line":610,"column":10},"end":{"line":614,"column":null}}],"line":563},"87":{"loc":{"start":{"line":565,"column":30},"end":{"line":565,"column":116}},"type":"cond-expr","locations":[{"start":{"line":565,"column":66},"end":{"line":565,"column":107}},{"start":{"line":565,"column":107},"end":{"line":565,"column":116}}],"line":565},"88":{"loc":{"start":{"line":567,"column":13},"end":{"line":572,"column":null}},"type":"binary-expr","locations":[{"start":{"line":567,"column":13},"end":{"line":567,"column":null}},{"start":{"line":568,"column":14},"end":{"line":572,"column":null}}],"line":567},"89":{"loc":{"start":{"line":576,"column":13},"end":{"line":595,"column":null}},"type":"binary-expr","locations":[{"start":{"line":576,"column":13},"end":{"line":576,"column":null}},{"start":{"line":577,"column":14},"end":{"line":595,"column":null}}],"line":576},"90":{"loc":{"start":{"line":578,"column":23},"end":{"line":578,"column":null}},"type":"binary-expr","locations":[{"start":{"line":578,"column":23},"end":{"line":578,"column":52}},{"start":{"line":578,"column":52},"end":{"line":578,"column":null}}],"line":578},"91":{"loc":{"start":{"line":597,"column":13},"end":{"line":601,"column":null}},"type":"binary-expr","locations":[{"start":{"line":597,"column":13},"end":{"line":597,"column":29}},{"start":{"line":597,"column":29},"end":{"line":597,"column":50}},{"start":{"line":597,"column":50},"end":{"line":597,"column":null}},{"start":{"line":598,"column":14},"end":{"line":601,"column":null}}],"line":597},"92":{"loc":{"start":{"line":603,"column":13},"end":{"line":605,"column":null}},"type":"binary-expr","locations":[{"start":{"line":603,"column":13},"end":{"line":603,"column":29}},{"start":{"line":603,"column":29},"end":{"line":603,"column":null}},{"start":{"line":604,"column":14},"end":{"line":605,"column":null}}],"line":603},"93":{"loc":{"start":{"line":632,"column":46},"end":{"line":632,"column":null}},"type":"cond-expr","locations":[{"start":{"line":632,"column":71},"end":{"line":632,"column":83}},{"start":{"line":632,"column":83},"end":{"line":632,"column":null}}],"line":632},"94":{"loc":{"start":{"line":647,"column":46},"end":{"line":647,"column":null}},"type":"cond-expr","locations":[{"start":{"line":647,"column":69},"end":{"line":647,"column":81}},{"start":{"line":647,"column":81},"end":{"line":647,"column":null}}],"line":647},"95":{"loc":{"start":{"line":657,"column":11},"end":{"line":681,"column":null}},"type":"cond-expr","locations":[{"start":{"line":658,"column":12},"end":{"line":677,"column":29}},{"start":{"line":677,"column":14},"end":{"line":681,"column":null}}],"line":657},"96":{"loc":{"start":{"line":657,"column":11},"end":{"line":657,"column":null}},"type":"binary-expr","locations":[{"start":{"line":657,"column":11},"end":{"line":657,"column":37}},{"start":{"line":657,"column":37},"end":{"line":657,"column":null}}],"line":657},"97":{"loc":{"start":{"line":661,"column":15},"end":{"line":674,"column":null}},"type":"binary-expr","locations":[{"start":{"line":661,"column":15},"end":{"line":661,"column":null}},{"start":{"line":662,"column":16},"end":{"line":674,"column":null}}],"line":661},"98":{"loc":{"start":{"line":664,"column":37},"end":{"line":664,"column":null}},"type":"cond-expr","locations":[{"start":{"line":664,"column":69},"end":{"line":664,"column":87}},{"start":{"line":664,"column":87},"end":{"line":664,"column":null}}],"line":664},"99":{"loc":{"start":{"line":664,"column":87},"end":{"line":664,"column":null}},"type":"cond-expr","locations":[{"start":{"line":664,"column":107},"end":{"line":664,"column":127}},{"start":{"line":664,"column":127},"end":{"line":664,"column":null}}],"line":664},"100":{"loc":{"start":{"line":665,"column":23},"end":{"line":671,"column":null}},"type":"cond-expr","locations":[{"start":{"line":666,"column":26},"end":{"line":666,"column":null}},{"start":{"line":667,"column":26},"end":{"line":671,"column":null}}],"line":665},"101":{"loc":{"start":{"line":667,"column":26},"end":{"line":671,"column":null}},"type":"cond-expr","locations":[{"start":{"line":668,"column":28},"end":{"line":668,"column":null}},{"start":{"line":669,"column":28},"end":{"line":671,"column":null}}],"line":667},"102":{"loc":{"start":{"line":667,"column":26},"end":{"line":667,"column":null}},"type":"binary-expr","locations":[{"start":{"line":667,"column":26},"end":{"line":667,"column":47}},{"start":{"line":667,"column":47},"end":{"line":667,"column":null}}],"line":667},"103":{"loc":{"start":{"line":669,"column":28},"end":{"line":671,"column":null}},"type":"cond-expr","locations":[{"start":{"line":670,"column":30},"end":{"line":670,"column":null}},{"start":{"line":671,"column":30},"end":{"line":671,"column":null}}],"line":669},"104":{"loc":{"start":{"line":677,"column":14},"end":{"line":681,"column":null}},"type":"cond-expr","locations":[{"start":{"line":678,"column":12},"end":{"line":679,"column":29}},{"start":{"line":679,"column":14},"end":{"line":681,"column":null}}],"line":677},"105":{"loc":{"start":{"line":677,"column":14},"end":{"line":677,"column":null}},"type":"binary-expr","locations":[{"start":{"line":677,"column":14},"end":{"line":677,"column":40}},{"start":{"line":677,"column":40},"end":{"line":677,"column":null}}],"line":677},"106":{"loc":{"start":{"line":679,"column":14},"end":{"line":681,"column":null}},"type":"cond-expr","locations":[{"start":{"line":680,"column":12},"end":{"line":681,"column":null}},{"start":{"line":681,"column":14},"end":{"line":681,"column":null}}],"line":679},"107":{"loc":{"start":{"line":683,"column":11},"end":{"line":727,"column":null}},"type":"binary-expr","locations":[{"start":{"line":683,"column":11},"end":{"line":683,"column":null}},{"start":{"line":684,"column":12},"end":{"line":727,"column":null}}],"line":683},"108":{"loc":{"start":{"line":705,"column":15},"end":{"line":708,"column":null}},"type":"binary-expr","locations":[{"start":{"line":705,"column":15},"end":{"line":705,"column":null}},{"start":{"line":706,"column":16},"end":{"line":708,"column":null}}],"line":705},"109":{"loc":{"start":{"line":712,"column":15},"end":{"line":725,"column":null}},"type":"binary-expr","locations":[{"start":{"line":712,"column":15},"end":{"line":712,"column":null}},{"start":{"line":713,"column":16},"end":{"line":725,"column":null}}],"line":712},"110":{"loc":{"start":{"line":715,"column":37},"end":{"line":715,"column":null}},"type":"cond-expr","locations":[{"start":{"line":715,"column":69},"end":{"line":715,"column":87}},{"start":{"line":715,"column":87},"end":{"line":715,"column":null}}],"line":715},"111":{"loc":{"start":{"line":715,"column":87},"end":{"line":715,"column":null}},"type":"cond-expr","locations":[{"start":{"line":715,"column":107},"end":{"line":715,"column":127}},{"start":{"line":715,"column":127},"end":{"line":715,"column":null}}],"line":715},"112":{"loc":{"start":{"line":716,"column":23},"end":{"line":722,"column":null}},"type":"cond-expr","locations":[{"start":{"line":717,"column":26},"end":{"line":717,"column":null}},{"start":{"line":718,"column":26},"end":{"line":722,"column":null}}],"line":716},"113":{"loc":{"start":{"line":718,"column":26},"end":{"line":722,"column":null}},"type":"cond-expr","locations":[{"start":{"line":719,"column":28},"end":{"line":719,"column":null}},{"start":{"line":720,"column":28},"end":{"line":722,"column":null}}],"line":718},"114":{"loc":{"start":{"line":718,"column":26},"end":{"line":718,"column":null}},"type":"binary-expr","locations":[{"start":{"line":718,"column":26},"end":{"line":718,"column":47}},{"start":{"line":718,"column":47},"end":{"line":718,"column":null}}],"line":718},"115":{"loc":{"start":{"line":720,"column":28},"end":{"line":722,"column":null}},"type":"cond-expr","locations":[{"start":{"line":721,"column":30},"end":{"line":721,"column":null}},{"start":{"line":722,"column":30},"end":{"line":722,"column":null}}],"line":720},"116":{"loc":{"start":{"line":737,"column":19},"end":{"line":737,"column":89}},"type":"cond-expr","locations":[{"start":{"line":737,"column":31},"end":{"line":737,"column":62}},{"start":{"line":737,"column":62},"end":{"line":737,"column":89}}],"line":737},"117":{"loc":{"start":{"line":739,"column":13},"end":{"line":739,"column":null}},"type":"binary-expr","locations":[{"start":{"line":739,"column":13},"end":{"line":739,"column":29}},{"start":{"line":739,"column":29},"end":{"line":739,"column":null}}],"line":739},"118":{"loc":{"start":{"line":740,"column":13},"end":{"line":740,"column":null}},"type":"binary-expr","locations":[{"start":{"line":740,"column":13},"end":{"line":740,"column":32}},{"start":{"line":740,"column":32},"end":{"line":740,"column":null}}],"line":740},"119":{"loc":{"start":{"line":747,"column":47},"end":{"line":747,"column":110}},"type":"cond-expr","locations":[{"start":{"line":747,"column":59},"end":{"line":747,"column":80}},{"start":{"line":747,"column":80},"end":{"line":747,"column":110}}],"line":747},"120":{"loc":{"start":{"line":749,"column":19},"end":{"line":751,"column":null}},"type":"cond-expr","locations":[{"start":{"line":750,"column":22},"end":{"line":750,"column":null}},{"start":{"line":751,"column":22},"end":{"line":751,"column":null}}],"line":749},"121":{"loc":{"start":{"line":754,"column":101},"end":{"line":754,"column":null}},"type":"binary-expr","locations":[{"start":{"line":754,"column":101},"end":{"line":754,"column":121}},{"start":{"line":754,"column":121},"end":{"line":754,"column":null}}],"line":754},"122":{"loc":{"start":{"line":755,"column":21},"end":{"line":755,"column":null}},"type":"cond-expr","locations":[{"start":{"line":755,"column":39},"end":{"line":755,"column":58}},{"start":{"line":755,"column":58},"end":{"line":755,"column":null}}],"line":755},"123":{"loc":{"start":{"line":755,"column":58},"end":{"line":755,"column":null}},"type":"cond-expr","locations":[{"start":{"line":755,"column":70},"end":{"line":755,"column":94}},{"start":{"line":755,"column":94},"end":{"line":755,"column":null}}],"line":755},"124":{"loc":{"start":{"line":757,"column":19},"end":{"line":760,"column":null}},"type":"binary-expr","locations":[{"start":{"line":757,"column":19},"end":{"line":757,"column":null}},{"start":{"line":758,"column":20},"end":{"line":760,"column":null}}],"line":757},"125":{"loc":{"start":{"line":758,"column":118},"end":{"line":758,"column":null}},"type":"binary-expr","locations":[{"start":{"line":758,"column":118},"end":{"line":758,"column":138}},{"start":{"line":758,"column":138},"end":{"line":758,"column":null}}],"line":758},"126":{"loc":{"start":{"line":759,"column":23},"end":{"line":759,"column":null}},"type":"cond-expr","locations":[{"start":{"line":759,"column":46},"end":{"line":759,"column":83}},{"start":{"line":759,"column":83},"end":{"line":759,"column":null}}],"line":759},"127":{"loc":{"start":{"line":767,"column":17},"end":{"line":774,"column":null}},"type":"cond-expr","locations":[{"start":{"line":768,"column":18},"end":{"line":774,"column":19}},{"start":{"line":774,"column":18},"end":{"line":774,"column":null}}],"line":767},"128":{"loc":{"start":{"line":771,"column":47},"end":{"line":771,"column":79}},"type":"binary-expr","locations":[{"start":{"line":771,"column":47},"end":{"line":771,"column":66}},{"start":{"line":771,"column":66},"end":{"line":771,"column":79}}],"line":771},"129":{"loc":{"start":{"line":784,"column":19},"end":{"line":786,"column":null}},"type":"cond-expr","locations":[{"start":{"line":785,"column":22},"end":{"line":785,"column":null}},{"start":{"line":786,"column":22},"end":{"line":786,"column":null}}],"line":784},"130":{"loc":{"start":{"line":795,"column":20},"end":{"line":797,"column":null}},"type":"binary-expr","locations":[{"start":{"line":795,"column":20},"end":{"line":795,"column":34}},{"start":{"line":795,"column":34},"end":{"line":795,"column":null}},{"start":{"line":796,"column":21},"end":{"line":796,"column":45}},{"start":{"line":796,"column":45},"end":{"line":796,"column":null}},{"start":{"line":797,"column":21},"end":{"line":797,"column":47}},{"start":{"line":797,"column":47},"end":{"line":797,"column":null}}],"line":795},"131":{"loc":{"start":{"line":800,"column":19},"end":{"line":800,"column":null}},"type":"cond-expr","locations":[{"start":{"line":800,"column":37},"end":{"line":800,"column":56}},{"start":{"line":800,"column":56},"end":{"line":800,"column":null}}],"line":800},"132":{"loc":{"start":{"line":800,"column":56},"end":{"line":800,"column":null}},"type":"cond-expr","locations":[{"start":{"line":800,"column":68},"end":{"line":800,"column":88}},{"start":{"line":800,"column":88},"end":{"line":800,"column":null}}],"line":800},"133":{"loc":{"start":{"line":806,"column":18},"end":{"line":808,"column":null}},"type":"cond-expr","locations":[{"start":{"line":807,"column":23},"end":{"line":807,"column":null}},{"start":{"line":808,"column":23},"end":{"line":808,"column":null}}],"line":806},"134":{"loc":{"start":{"line":807,"column":23},"end":{"line":807,"column":null}},"type":"cond-expr","locations":[{"start":{"line":807,"column":32},"end":{"line":807,"column":50}},{"start":{"line":807,"column":50},"end":{"line":807,"column":null}}],"line":807},"135":{"loc":{"start":{"line":808,"column":23},"end":{"line":808,"column":null}},"type":"cond-expr","locations":[{"start":{"line":808,"column":37},"end":{"line":808,"column":55}},{"start":{"line":808,"column":55},"end":{"line":808,"column":null}}],"line":808},"136":{"loc":{"start":{"line":810,"column":19},"end":{"line":814,"column":null}},"type":"cond-expr","locations":[{"start":{"line":811,"column":23},"end":{"line":811,"column":null}},{"start":{"line":812,"column":22},"end":{"line":814,"column":null}}],"line":810},"137":{"loc":{"start":{"line":811,"column":23},"end":{"line":811,"column":null}},"type":"cond-expr","locations":[{"start":{"line":811,"column":32},"end":{"line":811,"column":60}},{"start":{"line":811,"column":60},"end":{"line":811,"column":null}}],"line":811},"138":{"loc":{"start":{"line":812,"column":22},"end":{"line":814,"column":null}},"type":"cond-expr","locations":[{"start":{"line":813,"column":24},"end":{"line":813,"column":null}},{"start":{"line":814,"column":24},"end":{"line":814,"column":null}}],"line":812},"139":{"loc":{"start":{"line":818,"column":15},"end":{"line":824,"column":null}},"type":"binary-expr","locations":[{"start":{"line":818,"column":15},"end":{"line":818,"column":null}},{"start":{"line":819,"column":16},"end":{"line":824,"column":null}}],"line":818},"140":{"loc":{"start":{"line":820,"column":126},"end":{"line":820,"column":192}},"type":"cond-expr","locations":[{"start":{"line":820,"column":183},"end":{"line":820,"column":188}},{"start":{"line":820,"column":188},"end":{"line":820,"column":192}}],"line":820},"141":{"loc":{"start":{"line":821,"column":19},"end":{"line":824,"column":null}},"type":"binary-expr","locations":[{"start":{"line":821,"column":19},"end":{"line":821,"column":null}},{"start":{"line":822,"column":20},"end":{"line":824,"column":null}}],"line":821},"142":{"loc":{"start":{"line":829,"column":15},"end":{"line":832,"column":null}},"type":"binary-expr","locations":[{"start":{"line":829,"column":15},"end":{"line":829,"column":null}},{"start":{"line":830,"column":16},"end":{"line":832,"column":null}}],"line":829},"143":{"loc":{"start":{"line":835,"column":15},"end":{"line":882,"column":null}},"type":"binary-expr","locations":[{"start":{"line":835,"column":15},"end":{"line":835,"column":52}},{"start":{"line":835,"column":52},"end":{"line":835,"column":null}},{"start":{"line":836,"column":16},"end":{"line":882,"column":null}}],"line":835},"144":{"loc":{"start":{"line":841,"column":39},"end":{"line":853,"column":null}},"type":"cond-expr","locations":[{"start":{"line":842,"column":24},"end":{"line":842,"column":null}},{"start":{"line":843,"column":24},"end":{"line":853,"column":null}}],"line":841},"145":{"loc":{"start":{"line":843,"column":24},"end":{"line":853,"column":null}},"type":"cond-expr","locations":[{"start":{"line":844,"column":26},"end":{"line":844,"column":null}},{"start":{"line":845,"column":26},"end":{"line":853,"column":null}}],"line":843},"146":{"loc":{"start":{"line":845,"column":26},"end":{"line":853,"column":null}},"type":"cond-expr","locations":[{"start":{"line":846,"column":28},"end":{"line":846,"column":null}},{"start":{"line":847,"column":28},"end":{"line":853,"column":null}}],"line":845},"147":{"loc":{"start":{"line":847,"column":28},"end":{"line":853,"column":null}},"type":"cond-expr","locations":[{"start":{"line":848,"column":30},"end":{"line":848,"column":null}},{"start":{"line":849,"column":30},"end":{"line":853,"column":null}}],"line":847},"148":{"loc":{"start":{"line":849,"column":30},"end":{"line":853,"column":null}},"type":"cond-expr","locations":[{"start":{"line":850,"column":32},"end":{"line":850,"column":null}},{"start":{"line":851,"column":32},"end":{"line":853,"column":null}}],"line":849},"149":{"loc":{"start":{"line":851,"column":32},"end":{"line":853,"column":null}},"type":"cond-expr","locations":[{"start":{"line":852,"column":34},"end":{"line":852,"column":null}},{"start":{"line":853,"column":34},"end":{"line":853,"column":null}}],"line":851},"150":{"loc":{"start":{"line":872,"column":38},"end":{"line":872,"column":null}},"type":"cond-expr","locations":[{"start":{"line":872,"column":57},"end":{"line":872,"column":75}},{"start":{"line":872,"column":75},"end":{"line":872,"column":null}}],"line":872},"151":{"loc":{"start":{"line":872,"column":75},"end":{"line":872,"column":null}},"type":"cond-expr","locations":[{"start":{"line":872,"column":95},"end":{"line":872,"column":107}},{"start":{"line":872,"column":107},"end":{"line":872,"column":null}}],"line":872},"152":{"loc":{"start":{"line":873,"column":33},"end":{"line":873,"column":null}},"type":"cond-expr","locations":[{"start":{"line":873,"column":73},"end":{"line":873,"column":82}},{"start":{"line":873,"column":82},"end":{"line":873,"column":null}}],"line":873},"153":{"loc":{"start":{"line":873,"column":33},"end":{"line":873,"column":73}},"type":"binary-expr","locations":[{"start":{"line":873,"column":33},"end":{"line":873,"column":53}},{"start":{"line":873,"column":53},"end":{"line":873,"column":73}}],"line":873},"154":{"loc":{"start":{"line":875,"column":27},"end":{"line":875,"column":null}},"type":"cond-expr","locations":[{"start":{"line":875,"column":46},"end":{"line":875,"column":57}},{"start":{"line":875,"column":57},"end":{"line":875,"column":null}}],"line":875},"155":{"loc":{"start":{"line":875,"column":57},"end":{"line":875,"column":null}},"type":"cond-expr","locations":[{"start":{"line":875,"column":77},"end":{"line":875,"column":88}},{"start":{"line":875,"column":88},"end":{"line":875,"column":null}}],"line":875},"156":{"loc":{"start":{"line":879,"column":25},"end":{"line":879,"column":null}},"type":"binary-expr","locations":[{"start":{"line":879,"column":25},"end":{"line":879,"column":37}},{"start":{"line":879,"column":37},"end":{"line":879,"column":null}}],"line":879},"157":{"loc":{"start":{"line":895,"column":42},"end":{"line":895,"column":173}},"type":"cond-expr","locations":[{"start":{"line":895,"column":102},"end":{"line":895,"column":156}},{"start":{"line":895,"column":156},"end":{"line":895,"column":173}}],"line":895},"158":{"loc":{"start":{"line":895,"column":42},"end":{"line":895,"column":102}},"type":"binary-expr","locations":[{"start":{"line":895,"column":42},"end":{"line":895,"column":58}},{"start":{"line":895,"column":58},"end":{"line":895,"column":102}}],"line":895},"159":{"loc":{"start":{"line":898,"column":11},"end":{"line":906,"column":null}},"type":"cond-expr","locations":[{"start":{"line":899,"column":12},"end":{"line":906,"column":13}},{"start":{"line":906,"column":12},"end":{"line":906,"column":null}}],"line":898},"160":{"loc":{"start":{"line":898,"column":11},"end":{"line":898,"column":null}},"type":"binary-expr","locations":[{"start":{"line":898,"column":11},"end":{"line":898,"column":27}},{"start":{"line":898,"column":27},"end":{"line":898,"column":null}}],"line":898},"161":{"loc":{"start":{"line":902,"column":50},"end":{"line":902,"column":null}},"type":"binary-expr","locations":[{"start":{"line":902,"column":50},"end":{"line":902,"column":87}},{"start":{"line":902,"column":87},"end":{"line":902,"column":null}}],"line":902},"162":{"loc":{"start":{"line":909,"column":11},"end":{"line":912,"column":null}},"type":"binary-expr","locations":[{"start":{"line":909,"column":11},"end":{"line":909,"column":27}},{"start":{"line":909,"column":27},"end":{"line":909,"column":null}},{"start":{"line":910,"column":12},"end":{"line":912,"column":null}}],"line":909},"163":{"loc":{"start":{"line":916,"column":10},"end":{"line":925,"column":null}},"type":"binary-expr","locations":[{"start":{"line":916,"column":10},"end":{"line":916,"column":20}},{"start":{"line":916,"column":20},"end":{"line":916,"column":null}},{"start":{"line":917,"column":10},"end":{"line":925,"column":null}}],"line":916},"164":{"loc":{"start":{"line":924,"column":13},"end":{"line":924,"column":null}},"type":"binary-expr","locations":[{"start":{"line":924,"column":13},"end":{"line":924,"column":23}},{"start":{"line":924,"column":23},"end":{"line":924,"column":null}}],"line":924},"165":{"loc":{"start":{"line":925,"column":13},"end":{"line":925,"column":null}},"type":"binary-expr","locations":[{"start":{"line":925,"column":13},"end":{"line":925,"column":22}},{"start":{"line":925,"column":22},"end":{"line":925,"column":null}}],"line":925}},"s":{"0":4,"1":4,"2":4,"3":4,"4":4,"5":4,"6":4,"7":4,"8":1,"9":4,"10":4,"11":4,"12":4,"13":4,"14":4,"15":4,"16":4,"17":4,"18":4,"19":4,"20":4,"21":4,"22":4,"23":4,"24":4,"25":4,"26":4,"27":4,"28":4,"29":1,"30":4,"31":4,"32":4,"33":4,"34":4,"35":4,"36":4,"37":4,"38":4,"39":1,"40":0,"41":0,"42":0,"43":0,"44":0,"45":0,"46":0,"47":0,"48":0,"49":0,"50":0,"51":0,"52":0,"53":0,"54":0,"55":0,"56":0,"57":0,"58":0,"59":0,"60":0,"61":0,"62":0,"63":0,"64":0,"65":0,"66":4,"67":3,"68":3,"69":0,"70":4,"71":1,"72":1,"73":1,"74":1,"75":1,"76":1,"77":1,"78":1,"79":1,"80":1,"81":0,"82":0,"83":0,"84":0,"85":1,"86":1,"87":1,"88":0,"89":1,"90":1,"91":1,"92":4,"93":1,"94":0,"95":0,"96":0,"97":0,"98":0,"99":0,"100":1,"101":1,"102":0,"103":0,"104":4,"105":2,"106":2,"107":0,"108":2,"109":2,"110":2,"111":2,"112":2,"113":2,"114":2,"115":4,"116":0,"117":0,"118":0,"119":0,"120":0,"121":0,"122":0,"123":0,"124":0,"125":0,"126":0,"127":0,"128":0,"129":0,"130":0,"131":4,"132":0,"133":0,"134":0,"135":0,"136":0,"137":0,"138":0,"139":0,"140":0,"141":0,"142":0,"143":0,"144":0,"145":0,"146":0,"147":0,"148":4,"149":0,"150":0,"151":0,"152":0,"153":0,"154":0,"155":0,"156":0,"157":0,"158":0,"159":0,"160":0,"161":0,"162":0,"163":0,"164":0,"165":0,"166":0,"167":0,"168":0,"169":0,"170":0,"171":0,"172":0,"173":0,"174":0,"175":0,"176":0,"177":0,"178":0,"179":0,"180":0,"181":0,"182":4,"183":0,"184":0,"185":0,"186":0,"187":0,"188":0,"189":0,"190":0,"191":0,"192":0,"193":0,"194":0,"195":0,"196":0,"197":0,"198":0,"199":0,"200":0,"201":0,"202":0,"203":0,"204":0,"205":0,"206":0,"207":0,"208":0,"209":0,"210":0,"211":0,"212":0,"213":0,"214":4,"215":2,"216":2,"217":0,"218":4,"219":0,"220":0,"221":0,"222":0,"223":0,"224":0,"225":0,"226":0,"227":0,"228":0,"229":0,"230":0,"231":0,"232":0,"233":0,"234":0,"235":0,"236":0,"237":0,"238":0,"239":0,"240":0,"241":0,"242":0,"243":0,"244":0,"245":0,"246":0,"247":0,"248":0,"249":0,"250":0,"251":0,"252":0,"253":0,"254":0,"255":0,"256":0,"257":0,"258":0,"259":0,"260":0,"261":0,"262":0,"263":0,"264":0,"265":0,"266":0,"267":0,"268":0,"269":0,"270":0,"271":0,"272":0,"273":0,"274":0,"275":0,"276":0,"277":0,"278":0,"279":0,"280":0,"281":0,"282":0,"283":0,"284":0,"285":0,"286":0,"287":0,"288":0,"289":0,"290":0,"291":0,"292":4,"293":4,"294":0,"295":0,"296":0,"297":0,"298":0,"299":0,"300":0,"301":0,"302":0,"303":0,"304":0,"305":0,"306":0,"307":0,"308":0,"309":0,"310":0,"311":0,"312":0},"f":{"0":4,"1":1,"2":1,"3":1,"4":0,"5":0,"6":0,"7":3,"8":1,"9":1,"10":1,"11":0,"12":0,"13":0,"14":0,"15":2,"16":2,"17":2,"18":0,"19":0,"20":0,"21":0,"22":0,"23":0,"24":2,"25":0,"26":0,"27":0,"28":0,"29":0,"30":0,"31":0,"32":0,"33":0,"34":0,"35":0,"36":0,"37":0,"38":0,"39":0,"40":0,"41":0,"42":0,"43":0,"44":0,"45":0,"46":0,"47":0,"48":0,"49":0,"50":0,"51":0},"b":{"0":[0,4],"1":[4,0],"2":[0,4],"3":[4,0,0],"4":[4,2],"5":[4,2],"6":[4,2],"7":[4,2],"8":[4,2],"9":[0,0],"10":[0,0],"11":[0,0],"12":[0,0],"13":[0,0],"14":[0,0],"15":[0,0],"16":[0,0,0],"17":[0,0,0],"18":[0,0],"19":[0,0],"20":[0,0],"21":[3,0],"22":[3,0],"23":[1,0],"24":[0,1],"25":[1,1],"26":[0,0],"27":[1,0],"28":[0,0],"29":[0,0],"30":[0,0],"31":[1,0],"32":[0,2],"33":[2,0,0],"34":[0,0],"35":[0,0],"36":[0,0],"37":[0,0],"38":[0,0],"39":[0,0],"40":[0,0],"41":[0,0],"42":[0,0],"43":[0,0],"44":[0,0],"45":[0,0],"46":[0,0],"47":[0,0],"48":[0,0],"49":[0,0],"50":[0,0],"51":[0,0],"52":[0,0],"53":[0,0],"54":[0,0],"55":[0,0],"56":[0,0],"57":[0,0],"58":[0,0],"59":[0,0],"60":[0,0],"61":[0,0],"62":[0,0],"63":[2,0],"64":[2,0],"65":[0,0],"66":[0,0],"67":[0,0],"68":[0,0],"69":[0,0],"70":[0,0],"71":[0,0],"72":[0,0],"73":[0,0],"74":[0,0],"75":[0,0],"76":[0,0],"77":[0,0],"78":[0,0],"79":[0,0],"80":[0,4],"81":[0,4],"82":[0,4],"83":[4,0],"84":[4,0],"85":[2,2],"86":[2,0],"87":[0,2],"88":[2,0],"89":[2,0],"90":[0,0],"91":[2,2,2,2],"92":[2,2,2],"93":[0,4],"94":[4,0],"95":[0,4],"96":[4,0],"97":[0,0],"98":[0,0],"99":[0,0],"100":[0,0],"101":[0,0],"102":[0,0],"103":[0,0],"104":[0,4],"105":[4,0],"106":[0,4],"107":[4,4],"108":[4,0],"109":[4,0],"110":[0,0],"111":[0,0],"112":[0,0],"113":[0,0],"114":[0,0],"115":[0,0],"116":[4,0],"117":[4,0],"118":[4,0],"119":[4,0],"120":[0,4],"121":[4,0],"122":[0,4],"123":[4,0],"124":[4,0],"125":[0,0],"126":[0,0],"127":[0,4],"128":[0,0],"129":[0,4],"130":[4,0,0,0,0,0],"131":[0,4],"132":[4,0],"133":[0,4],"134":[0,0],"135":[0,4],"136":[0,4],"137":[0,0],"138":[0,4],"139":[4,0],"140":[0,0],"141":[0,0],"142":[4,0],"143":[4,0,0],"144":[0,0],"145":[0,0],"146":[0,0],"147":[0,0],"148":[0,0],"149":[0,0],"150":[0,0],"151":[0,0],"152":[0,0],"153":[0,0],"154":[0,0],"155":[0,0],"156":[0,0],"157":[0,4],"158":[4,0],"159":[0,4],"160":[4,0],"161":[0,0],"162":[4,0,0],"163":[4,2,2],"164":[2,2],"165":[2,0]},"meta":{"lastBranch":166,"lastFunction":52,"lastStatement":313,"seen":{"f:34:24:34:30":0,"s:35:26:35:86":0,"s:36:23:36:77":1,"s:37:20:37:48":2,"s:38:20:38:76":3,"s:39:21:39:89":4,"s:40:24:40:80":5,"s:41:23:41:75":6,"s:42:23:42:82":7,"f:42:42:
[...]
273:Infinity":74,"s:275:4:275:Infinity":75,"f:279:22:279:44":20,"s:285:14:285:Infinity":76,"b:285:14:285:31:285:31:285:Infinity":23,"s:286:2:294:Infinity":77,"f:297:22:297:42":21,"s:302:14:302:Infinity":78,"b:302:14:302:31:302:31:302:Infinity":24,"s:303:20:303:Infinity":79,"b:303:20:303:39:303:39:303:Infinity":25,"s:304:2:306:Infinity":80,"f:322:22:322:34":22,"b:323:2:324:Infinity:undefined:undefined:undefined:undefined":26,"s:323:2:324:Infinity":81,"s:324:4:324:Infinity":82,"s:327:2:331:Infinity":83,"s:328:16:328:Infinity":84,"b:328:16:328:27:328:27:328:Infinity":27,"s:329:4:329:Infinity":85,"s:331:4:331:Infinity":86,"f:348:22:348:36":23,"b:349:2:350:Infinity:undefined:undefined:undefined:undefined":28,"s:349:2:350:Infinity":87,"s:350:4:350:Infinity":88,"s:353:2:357:Infinity":89,"s:354:16:354:Infinity":90,"b:354:16:354:27:354:27:354:Infinity":29,"s:355:4:355:Infinity":91,"s:357:4:357:Infinity":92,"f:368:22:368:42":24,"b:369:2:370:Infinity:undefined:undefined:undefined:undefined":30,"s:369:2:370:Infinity":93,"s:370:4:370:Infinity":94,"s:373:2:377:Infinity":95,"s:374:16:374:Infinity":96,"b:374:16:374:27:374:27:374:Infinity":31,"s:375:4:375:Infinity":97,"s:377:4:377:Infinity":98,"f:388:22:388:Infinity":25,"s:392:23:392:67":99,"f:392:30:392:38":26,"s:392:44:392:66":100,"b:393:2:393:Infinity:undefined:undefined:undefined:undefined":32,"s:393:2:393:Infinity":101,"s:393:33:393:Infinity":102,"s:395:15:395:31":103,"s:396:2:452:Infinity":104,"s:397:19:404:6":105,"f:403:10:403:26":27,"s:403:40:403:104":106,"f:403:40:403:57":28,"s:403:57:403:97":107,"b:406:4:406:Infinity:undefined:undefined:undefined:undefined":33,"s:406:4:406:Infinity":108,"s:406:29:406:Infinity":109,"s:408:26:408:Infinity":110,"s:409:29:411:23":111,"f:410:7:410:15":29,"s:410:21:410:51":112,"b:410:21:410:47:410:47:410:51":34,"f:411:7:411:12":30,"s:411:18:411:23":113,"b:413:4:416:Infinity:undefined:undefined:undefined:undefined":35,"s:413:4:416:Infinity":114,"s:414:26:414:Infinity":115,"b:415:6:416:Infinity:undefined:undefined:undefined:undefined":36,"s:415:6:416:Infinity":116,"s:416:8:416:Infinity":117,"s:420:48:420:50":118,"s:422:4:444:Infinity":119,"s:423:6:444:Infinity":120,"s:424:27:432:10":121,"f:431:14:431:30":31,"s:431:44:431:108":122,"f:431:44:431:61":32,"s:431:61:431:101":123,"b:434:8:441:Infinity:undefined:undefined:undefined:undefined":37,"s:434:8:441:Infinity":124,"s:435:26:435:59":125,"s:436:10:441:Infinity":126,"b:438:21:438:41:438:41:438:Infinity":38,"b:439:21:439:41:439:41:439:Infinity":39,"b:440:20:440:48:440:48:440:Infinity":40,"s:444:8:444:Infinity":127,"s:448:4:448:Infinity":128,"s:450:4:450:Infinity":129,"s:452:4:452:Infinity":130,"f:456:22:456:Infinity":33,"s:459:41:459:43":131,"s:461:2:477:Infinity":132,"b:462:4:464:Infinity:undefined:undefined:undefined:undefined":41,"s:462:4:464:Infinity":133,"s:463:6:463:Infinity":134,"s:464:6:464:Infinity":135,"s:467:4:477:Infinity":136,"s:468:20:468:72":137,"s:469:43:469:Infinity":138,"s:470:6:472:Infinity":139,"s:471:8:471:Infinity":140,"s:475:6:475:Infinity":141,"s:477:6:477:Infinity":142,"s:481:2:481:Infinity":143,"f:484:22:484:Infinity":34,"s:492:23:492:67":144,"f:492:30:492:38":35,"s:492:44:492:66":145,"s:493:23:493:54":146,"s:494:25:494:Infinity":147,"s:496:22:496:Infinity":148,"s:497:26:497:Infinity":149,"b:499:2:522:Infinity:undefined:undefined:undefined:undefined":42,"s:499:2:522:Infinity":150,"s:500:17:500:33":151,"s:501:4:522:Infinity":152,"s:502:21:509:8":153,"f:508:12:508:28":36,"s:508:42:508:107":154,"f:508:42:508:59":37,"s:508:59:508:99":155,"s:511:6:516:Infinity":156,"b:512:8:512:Infinity:undefined:undefined:undefined:undefined":43,"s:512:8:512:Infinity":157,"b:512:12:512:40:512:40:512:69":44,"s:512:69:512:Infinity":158,"b:513:8:516:Infinity:515:15:516:Infinity":45,"s:513:8:516:Infinity":159,"s:514:10:514:Infinity":160,"s:516:10:516:Infinity":161,"s:522:6:522:Infinity":162,"s:526:18:526:64":163,"s:528:2:550:Infinity":164,"f:528:17:528:22":38,"s:529:28:529:30":165,"s:530:18:530:Infinity":166,"b:530:18:530:51:530:51:530:76:530:76:530:Infinity":46,"b:532:4:533:Infinity:undefined:undefined:undefined:undefined":47,"s:532:4:533:Infinity":167,"s:533:6:533:Infinity":168,"b:535:4:536:Infinity:undefined:undefined:undefined:undefined":48,"s:535:4:536:Infinity":169,"s:536:6:536:Infinity":170,"b:538:4:539:Infinity:undefined:undefined:undefined:undefined":49,"s:538:4:539:Infinity":171,"s:539:6:539:Infinity":172,"s:542:4:549:Infinity":173}}}
,"/home/tom/code/auditable-voting/web/src/nostrIdentity.ts": {"path":"/home/tom/code/auditable-voting/web/src/nostrIdentity.ts","statementMap":{"0":{"start":{"line":6,"column":41},"end":{"line":6,"column":null}},"1":{"start":{"line":9,"column":2},"end":{"line":13,"column":null}},"2":{"start":{"line":10,"column":20},"end":{"line":10,"column":46}},"3":{"start":{"line":11,"column":4},"end":{"line":11,"column":null}},"4":{"start":{"line":13,"column":4},"end":{"line":13,"column":null}},"5":{"start":{"line":18,"column":2},"end":{"line":22,"column":null}},"6":{"start":{"line":19,"column":20},"end":{"line":19,"column":46}},"7":{"start":{"line":20,"column":4},"end":{"line":20,"column":null}},"8":{"start":{"line":22,"column":4},"end":{"line":22,"column":null}},"9":{"start":{"line":27,"column":20},"end":{"line":27,"column":37}},"10":{"start":{"line":29,"column":2},"end":{"line":30,"column":null}},"11":{"start":{"line":30,"column":4},"end":{"line":30,"column":null}},"12":{"start":{"line":33,"column":2},"end":{"line":33,"column":null}},"13":{"start":{"line":37,"column":18},"end":{"line":37,"column":44}},"14":{"start":{"line":39,"column":2},"end":{"line":40,"column":null}},"15":{"start":{"line":40,"column":4},"end":{"line":40,"column":null}},"16":{"start":{"line":43,"column":2},"end":{"line":43,"column":null}},"17":{"start":{"line":54,"column":17},"end":{"line":54,"column":44}},"18":{"start":{"line":56,"column":8},"end":{"line":62,"column":null}},"19":{"start":{"line":57,"column":20},"end":{"line":57,"column":56}},"20":{"start":{"line":58,"column":4},"end":{"line":59,"column":null}},"21":{"start":{"line":59,"column":6},"end":{"line":59,"column":null}},"22":{"start":{"line":61,"column":4},"end":{"line":61,"column":null}},"23":{"start":{"line":64,"column":2},"end":{"line":81,"column":null}},"24":{"start":{"line":92,"column":20},"end":{"line":92,"column":36}},"25":{"start":{"line":94,"column":2},"end":{"line":95,"column":null}},"26":{"start":{"line":95,"column":4},"end":{"line":95,"column":null}},"27":{"start":{"line":98,"column":2},"end":{"line":118,"column":null}},"28":{"start":{"line":122,"column":15},"end":{"line":122,"column":31}},"29":{"start":{"line":124,"column":2},"end":{"line":143,"column":null}},"30":{"start":{"line":125,"column":20},"end":{"line":125,"column":92}},"31":{"start":{"line":126,"column":47},"end":{"line":133,"column":null}},"32":{"start":{"line":127,"column":6},"end":{"line":133,"column":null}},"33":{"start":{"line":136,"column":4},"end":{"line":141,"column":null}},"34":{"start":{"line":138,"column":49},"end":{"line":138,"column":64}},"35":{"start":{"line":139,"column":48},"end":{"line":139,"column":64}},"36":{"start":{"line":143,"column":4},"end":{"line":143,"column":null}},"37":{"start":{"line":153,"column":17},"end":{"line":158,"column":4}},"38":{"start":{"line":160,"column":2},"end":{"line":160,"column":null}},"39":{"start":{"line":164,"column":2},"end":{"line":165,"column":null}},"40":{"start":{"line":165,"column":4},"end":{"line":165,"column":null}},"41":{"start":{"line":167,"column":2},"end":{"line":167,"column":null}}},"fnMap":{"0":{"name":"isValidNpub","decl":{"start":{"line":8,"column":16},"end":{"line":8,"column":28}},"loc":{"start":{"line":8,"column":43},"end":{"line":13,"column":null}},"line":8},"1":{"name":"decodeNsec","decl":{"start":{"line":17,"column":16},"end":{"line":17,"column":27}},"loc":{"start":{"line":17,"column":61},"end":{"line":22,"column":null}},"line":17},"2":{"name":"deriveNpubFromNsec","decl":{"start":{"line":26,"column":16},"end":{"line":26,"column":35}},"loc":{"start":{"line":26,"column":65},"end":{"line":33,"column":null}},"line":26},"3":{"name":"decodeNpubToHex","decl":{"start":{"line":36,"column":9},"end":{"line":36,"column":25}},"loc":{"start":{"line":36,"column":48},"end":{"line":43,"column":null}},"line":36},"4":{"name":"signCashuClaimEvent","decl":{"start":{"line":46,"column":22},"end":{"line":46,"column":null}},"loc":{"start":{"line":53,"column":26},"end":{"line":81,"column":null}},"line":53},"5":{"name":"(anonymous_5)","decl":{"start":{"line":56,"column":8},"end":{"line":56,"column":32}},"loc":{"start":{"line":56,"column":32},"end":{"line":62,"column":null}},"line":56},"6":{"name":"createCashuClaimEvent","decl":{"start":{"line":84,"column":16},"end":{"line":84,"column":null}},"loc":{"start":{"line":91,"column":2},"end":{"line":118,"column":null}},"line":91},"7":{"name":"publishCashuClaim","decl":{"start":{"line":121,"column":22},"end":{"line":121,"column":40}},"loc":{"start":{"line":121,"column":107},"end":{"line":143,"column":null}},"line":121},"8":{"name":"(anonymous_8)","decl":{"start":{"line":126,"column":55},"end":{"line":126,"column":60}},"loc":{"start":{"line":127,"column":6},"end":{"line":133,"column":null}},"line":127},"9":{"name":"(anonymous_9)","decl":{"start":{"line":138,"column":30},"end":{"line":138,"column":38}},"loc":{"start":{"line":138,"column":49},"end":{"line":138,"column":64}},"line":138},"10":{"name":"(anonymous_10)","decl":{"start":{"line":139,"column":29},"end":{"line":139,"column":37}},"loc":{"start":{"line":139,"column":48},"end":{"line":139,"column":64}},"line":139},"11":{"name":"getNostrEventVerificationUrl","decl":{"start":{"line":147,"column":16},"end":{"line":147,"column":45}},"loc":{"start":{"line":152,"column":3},"end":{"line":160,"column":null}},"line":152},"12":{"name":"formatDateTime","decl":{"start":{"line":163,"column":16},"end":{"line":163,"column":31}},"loc":{"start":{"line":163,"column":55},"end":{"line":167,"column":null}},"line":163}},"branchMap":{"0":{"loc":{"start":{"line":20,"column":11},"end":{"line":20,"column":null}},"type":"cond-expr","locations":[{"start":{"line":20,"column":37},"end":{"line":20,"column":52}},{"start":{"line":20,"column":52},"end":{"line":20,"column":null}}],"line":20},"1":{"loc":{"start":{"line":29,"column":2},"end":{"line":30,"column":null}},"type":"if","locations":[{"start":{"line":29,"column":2},"end":{"line":30,"column":null}},{"start":{},"end":{}}],"line":29},"2":{"loc":{"start":{"line":39,"column":2},"end":{"line":40,"column":null}},"type":"if","locations":[{"start":{"line":39,"column":2},"end":{"line":40,"column":null}},{"start":{},"end":{}}],"line":39},"3":{"loc":{"start":{"line":58,"column":4},"end":{"line":59,"column":null}},"type":"if","locations":[{"start":{"line":58,"column":4},"end":{"line":59,"column":null}},{"start":{},"end":{}}],"line":58},"4":{"loc":{"start":{"line":94,"column":2},"end":{"line":95,"column":null}},"type":"if","locations":[{"start":{"line":94,"column":2},"end":{"line":95,"column":null}},{"start":{},"end":{}}],"line":94},"5":{"loc":{"start":{"line":127,"column":6},"end":{"line":133,"column":null}},"type":"cond-expr","locations":[{"start":{"line":128,"column":10},"end":{"line":128,"column":null}},{"start":{"line":129,"column":10},"end":{"line":133,"column":null}}],"line":127},"6":{"loc":{"start":{"line":132,"column":19},"end":{"line":132,"column":null}},"type":"cond-expr","locations":[{"start":{"line":132,"column":52},"end":{"line":132,"column":76}},{"start":{"line":132,"column":76},"end":{"line":132,"column":null}}],"line":132},"7":{"loc":{"start":{"line":164,"column":2},"end":{"line":165,"column":null}},"type":"if","locations":[{"start":{"line":164,"column":2},"end":{"line":165,"column":null}},{"start":{},"end":{}}],"line":164}},"s":{"0":1,"1":0,"2":0,"3":0,"4":0,"5":0,"6":0,"7":0,"8":0,"9":0,"10":0,"11":0,"12":0,"13":0,"14":0,"15":0,"16":0,"17":0,"18":0,"19":0,"20":0,"21":0,"22":0,"23":0,"24":0,"25":0,"26":0,"27":0,"28":0,"29":0,"30":0,"31":0,"32":0,"33":0,"34":0,"35":0,"36":0,"37":7,"38":7,"39":0,"40":0,"41":0},"f":{"0":0,"1":0,"2":0,"3":0,"4":0,"5":0,"6":0,"7":0,"8":0,"9":0,"10":0,"11":7,"12":0},"b":{"0":[0,0],"1":[0,0],"2":[0,0],"3":[0,0],"4":[0,0],"5":[0,0],"6":[0,0],"7":[0,0]},"meta":{"lastBranch":8,"lastFunction":13,"lastStatement":42,"seen":{"s:6:41:6:Infinity":0,"f:8:16:8:28":0,"s:9:2:13:Infinity":1,"s:10:20:10:46":2,"s:11:4:11:Infinity":3,"s:13:4:13:Infinity":4,"f:17:16:17:27":1,"s:18:2:22:Infinity":5,"s:19:20:19:46":6,"s:20:4:20:Infinity":7,"b:20:37:20:52:20:52:20:Infinity":0,"s:22:4:22:Infinity":8,"f:26:16:26:35":2,"s:27:20:27:37":9,"b:29:2:30:Infinity:undefined:undefined:undefined:undefined":1,"s:29:2:30:Infinity":10,"s:30:4:30:Infinity":11,"s:33:2:33:Infinity":12,"f:36:9:36:25":3,"s:37:18:37:44":13,"b:39:2:40:Infinity:undefined:undefined:undefined:undefined":2,"s:39:2:40:Infinity":14,"s:40:4:40:Infinity":15,"s:43:2:43:Infinity":16,"f:46:22:46:Infinity":4,"s:54:17:54:44":17,"s:56:8:62:Infinity":18,"f:56:8:56:32":5,"s:57:20:57:56":19,"b:58:4:59:Infinity:undefined:undefined:undefined:undefined":3,"s:58:4:59:Infinity":20,"s:59:6:59:Infinity":21,"s:61:4:61:Infinity":22,"s:64:2:81:Infinity":23,"f:84:16:84:Infinity":6,"s:92:20:92:36":24,"b:94:2:95:Infinity:undefined:undefined:undefined:undefined":4,"s:94:2:95:Infinity":25,"s:95:4:95:Infinity":26,"s:98:2:118:Infinity":27,"f:121:22:121:40":7,"s:122:15:122:31":28,"s:124:2:143:Infinity":29,"s:125:20:125:92":30,"s:126:47:133:Infinity":31,"f:126:55:126:60":8,"s:127:6:133:Infinity":32,"b:128:10:128:Infinity:129:10:133:Infinity":5,"b:132:52:132:76:132:76:132:Infinity":6,"s:136:4:141:Infinity":33,"f:138:30:138:38":9,"s:138:49:138:64":34,"f:139:29:139:37":10,"s:139:48:139:64":35,"s:143:4:143:Infinity":36,"f:147:16:147:45":11,"s:153:17:158:4":37,"s:160:2:160:Infinity":38,"f:163:16:163:31":12,"b:164:2:165:Infinity:undefined:undefined:undefined:undefined":7,"s:164:2:165:Infinity":39,"s:165:4:165:Infinity":40,"s:167:2:167:Infinity":41}}}
,"/home/tom/code/auditable-voting/web/src/proofSubmission.ts": {"path":"/home/tom/code/auditable-voting/web/src/proofSubmission.ts","statementMap":{"0":{"start":{"line":25,"column":74},"end":{"line":25,"column":null}},"1":{"start":{"line":27,"column":18},"end":{"line":27,"column":47}},"2":{"start":{"line":28,"column":2},"end":{"line":29,"column":null}},"3":{"start":{"line":29,"column":4},"end":{"line":29,"column":null}},"4":{"start":{"line":31,"column":31},"end":{"line":31,"column":null}},"5":{"start":{"line":33,"column":20},"end":{"line":36,"column":4}},"6":{"start":{"line":38,"column":27},"end":{"line":38,"column":95}},"7":{"start":{"line":40,"column":8},"end":{"line":47,"column":null}},"8":{"start":{"line":50,"column":15},"end":{"line":50,"column":31}},"9":{"start":{"line":52,"column":2},"end":{"line":71,"column":null}},"10":{"start":{"line":53,"column":20},"end":{"line":53,"column":92}},"11":{"start":{"line":54,"column":47},"end":{"line":61,"column":null}},"12":{"start":{"line":55,"column":6},"end":{"line":61,"column":null}},"13":{"start":{"line":64,"column":4},"end":{"line":69,"column":null}},"14":{"start":{"line":66,"column":44},"end":{"line":66,"column":54}},"15":{"start":{"line":67,"column":43},"end":{"line":67,"column":54}},"16":{"start":{"line":71,"column":4},"end":{"line":71,"column":null}},"17":{"start":{"line":87,"column":46},"end":{"line":87,"column":48}},"18":{"start":{"line":89,"column":18},"end":{"line":89,"column":49}},"19":{"start":{"line":91,"column":2},"end":{"line":119,"column":null}},"20":{"start":{"line":92,"column":18},"end":{"line":92,"column":null}},"21":{"start":{"line":93,"column":20},"end":{"line":93,"column":null}},"22":{"start":{"line":94,"column":4},"end":{"line":119,"column":null}},"23":{"start":{"line":95,"column":6},"end":{"line":119,"column":null}},"24":{"start":{"line":96,"column":23},"end":{"line":102,"column":10}},"25":{"start":{"line":103,"column":8},"end":{"line":103,"column":null}},"26":{"start":{"line":104,"column":8},"end":{"line":104,"column":null}},"27":{"start":{"line":106,"column":8},"end":{"line":108,"column":null}},"28":{"start":{"line":107,"column":10},"end":{"line":107,"column":null}},"29":{"start":{"line":108,"column":10},"end":{"line":108,"column":null}},"30":{"start":{"line":110,"column":8},"end":{"line":118,"column":null}},"31":{"start":{"line":119,"column":8},"end":{"line":119,"column":null}},"32":{"start":{"line":124,"column":2},"end":{"line":124,"column":null}}},"fnMap":{"0":{"name":"submitProofViaDm","decl":{"start":{"line":18,"column":22},"end":{"line":18,"column":39}},"loc":{"start":{"line":24,"column":29},"end":{"line":71,"column":null}},"line":24},"1":{"name":"(anonymous_1)","decl":{"start":{"line":54,"column":55},"end":{"line":54,"column":60}},"loc":{"start":{"line":55,"column":6},"end":{"line":61,"column":null}},"line":55},"2":{"name":"(anonymous_2)","decl":{"start":{"line":66,"column":30},"end":{"line":66,"column":38}},"loc":{"start":{"line":66,"column":44},"end":{"line":66,"column":54}},"line":66},"3":{"name":"(anonymous_3)","decl":{"start":{"line":67,"column":29},"end":{"line":67,"column":37}},"loc":{"start":{"line":67,"column":43},"end":{"line":67,"column":54}},"line":67},"4":{"name":"submitProofsToAllCoordinators","decl":{"start":{"line":80,"column":22},"end":{"line":80,"column":52}},"loc":{"start":{"line":86,"column":40},"end":{"line":124,"column":null}},"line":86}},"branchMap":{"0":{"loc":{"start":{"line":28,"column":2},"end":{"line":29,"column":null}},"type":"if","locations":[{"start":{"line":28,"column":2},"end":{"line":29,"column":null}},{"start":{},"end":{}}],"line":28},"1":{"loc":{"start":{"line":55,"column":6},"end":{"line":61,"column":null}},"type":"cond-expr","locations":[{"start":{"line":56,"column":10},"end":{"line":56,"column":null}},{"start":{"line":57,"column":10},"end":{"line":61,"column":null}}],"line":55},"2":{"loc":{"start":{"line":60,"column":19},"end":{"line":60,"column":null}},"type":"cond-expr","locations":[{"start":{"line":60,"column":52},"end":{"line":60,"column":76}},{"start":{"line":60,"column":76},"end":{"line":60,"column":null}}],"line":60},"3":{"loc":{"start":{"line":89,"column":30},"end":{"line":89,"column":49}},"type":"binary-expr","locations":[{"start":{"line":89,"column":30},"end":{"line":89,"column":47}},{"start":{"line":89,"column":47},"end":{"line":89,"column":49}}],"line":89},"4":{"loc":{"start":{"line":106,"column":8},"end":{"line":108,"column":null}},"type":"if","locations":[{"start":{"line":106,"column":8},"end":{"line":108,"column":null}},{"start":{},"end":{}}],"line":106}},"s":{"0":3,"1":3,"2":3,"3":2,"4":1,"5":1,"6":1,"7":1,"8":1,"9":1,"10":1,"11":1,"12":1,"13":1,"14":1,"15":1,"16":1,"17":1,"18":1,"19":1,"20":1,"21":1,"22":1,"23":2,"24":2,"25":0,"26":0,"27":2,"28":1,"29":1,"30":1,"31":1,"32":1},"f":{"0":3,"1":1,"2":1,"3":1,"4":1},"b":{"0":[2,1],"1":[1,0],"2":[0,0],"3":[1,0],"4":[1,1]},"meta":{"lastBranch":5,"lastFunction":5,"lastStatement":33,"seen":{"f:18:22:18:39":0,"s:25:74:25:Infinity":0,"s:27:18:27:47":1,"b:28:2:29:Infinity:undefined:undefined:undefined:undefined":0,"s:28:2:29:Infinity":2,"s:29:4:29:Infinity":3,"s:31:31:31:Infinity":4,"s:33:20:36:4":5,"s:38:27:38:95":6,"s:40:8:47:Infinity":7,"s:50:15:50:31":8,"s:52:2:71:Infinity":9,"s:53:20:53:92":10,"s:54:47:61:Infinity":11,"f:54:55:54:60":1,"s:55:6:61:Infinity":12,"b:56:10:56:Infinity:57:10:61:Infinity":1,"b:60:52:60:76:60:76:60:Infinity":2,"s:64:4:69:Infinity":13,"f:66:30:66:38":2,"s:66:44:66:54":14,"f:67:29:67:37":3,"s:67:43:67:54":15,"s:71:4:71:Infinity":16,"f:80:22:80:52":4,"s:87:46:87:48":17,"s:89:18:89:49":18,"b:89:30:89:47:89:47:89:49":3,"s:91:2:119:Infinity":19,"s:92:18:92:Infinity":20,"s:93:20:93:Infinity":21,"s:94:4:119:Infinity":22,"s:95:6:119:Infinity":23,"s:96:23:102:10":24,"s:103:8:103:Infinity":25,"s:104:8:104:Infinity":26,"b:106:8:108:Infinity:undefined:undefined:undefined:undefined":4,"s:106:8:108:Infinity":27,"s:107:10:107:Infinity":28,"s:108:10:108:Infinity":29,"s:110:8:118:Infinity":30,"s:119:8:119:Infinity":31,"s:124:2:124:Infinity":32}}}
}
